2025-06-25 12:56:02.163293 | Error en https://tienda.pequenomundo.com/batidora-inmension-3-en-1-400w.html: asyncio.run() cannot be called from a running event loop
2025-06-25 12:56:03.464179 | Error en https://tienda.pequenomundo.com/batidora-pedestal-westinghouse.html: asyncio.run() cannot be called from a running event loop
2025-06-25 12:56:04.533780 | Error en https://tienda.pequenomundo.com/coffee-maker-12tza.html: asyncio.run() cannot be called from a running event loop
2025-06-25 12:56:05.522612 | Error en https://tienda.pequenomundo.com/coffee-maker-holstein-12tza.html: asyncio.run() cannot be called from a running event loop
2025-06-25 12:56:06.529165 | Error en https://tienda.pequenomundo.com/coffee-maker-personal-westinghouse.html: asyncio.run() cannot be called from a running event loop
2025-06-25 12:56:07.625310 | Error en https://tienda.pequenomundo.com/extractor-aire-westinghouse-8in.html: asyncio.run() cannot be called from a running event loop
2025-06-25 12:56:08.865760 | Error en https://tienda.pequenomundo.com/freidora-aire-digital-digital-4.2lt-1300w.html: asyncio.run() cannot be called from a running event loop
2025-06-25 12:56:11.458107 | Error en https://tienda.pequenomundo.com/freidora-de-aire-doble-canasta-holstein-9lt.html: asyncio.run() cannot be called from a running event loop
2025-06-25 12:56:13.077765 | Error en https://tienda.pequenomundo.com/freidora-aire-holstein-4-2lt.html: asyncio.run() cannot be called from a running event loop
2025-06-25 12:56:14.914526 | Error en https://tienda.pequenomundo.com/freidora-de-aire-3-5-litros.html: 'NoneType' object has no attribute 'get'
2025-06-25 12:56:17.044714 | Error en https://tienda.pequenomundo.com/licuadora-2lt-4500w-110v.html: asyncio.run() cannot be called from a running event loop
2025-06-25 12:56:17.424356 | Error en https://tienda.pequenomundo.com/licuadora-personal-electrica-1000w.html: ('Connection aborted.', ConnectionResetError(10054, 'An existing connection was forcibly closed by the remote host', None, 10054, None))
2025-06-25 12:56:48.674561 | Error en https://tienda.pequenomundo.com/maquina-donas-tipo-waffle-700w.html: asyncio.run() cannot be called from a running event loop
2025-06-25 12:56:52.220200 | Error en https://tienda.pequenomundo.com/microondas 1.1cf-proctor-silex-1000w.html: asyncio.run() cannot be called from a running event loop
2025-06-25 12:56:54.185975 | Error en https://tienda.pequenomundo.com/olla-arrocera-5-tazas-400w.html: asyncio.run() cannot be called from a running event loop
2025-06-25 12:56:56.150621 | Error en https://tienda.pequenomundo.com/olla-arrocera-8-tazas-holstein.html: asyncio.run() cannot be called from a running event loop
2025-06-25 12:56:58.069738 | Error en https://tienda.pequenomundo.com/olla-multiuso-6lt-westinghouse-1000w.html: asyncio.run() cannot be called from a running event loop
2025-06-25 12:57:00.077756 | Error en https://tienda.pequenomundo.com/pantalla-led-smart-hd-fpd-32in.html: asyncio.run() cannot be called from a running event loop
2025-06-25 12:57:01.943477 | Error en https://tienda.pequenomundo.com/plancha-de-vapor-1000w.html: asyncio.run() cannot be called from a running event loop
2025-06-25 12:57:03.843716 | Error en https://tienda.pequenomundo.com/plancha-vapor-vertical.html: asyncio.run() cannot be called from a running event loop
2025-06-25 12:57:05.802043 | Error en https://tienda.pequenomundo.com/procesador-1-5-tazas-100w.html: asyncio.run() cannot be called from a running event loop
2025-06-25 12:57:08.047454 | Error en https://tienda.pequenomundo.com/sandwichera-750w.html: asyncio.run() cannot be called from a running event loop
2025-06-25 12:57:10.689581 | Error en https://tienda.pequenomundo.com/sandwichera-westinghouse-750w.html: asyncio.run() cannot be called from a running event loop
2025-06-25 12:57:12.472649 | Error en https://tienda.pequenomundo.com/sarten-electrico-12in-1350w.html: asyncio.run() cannot be called from a running event loop
2025-06-25 12:57:16.155903 | Error en https://tienda.pequenomundo.com/tetera-electrica-1-8lt-400w.html: asyncio.run() cannot be called from a running event loop
2025-06-25 12:57:17.723724 | Error en https://tienda.pequenomundo.com/tetera-electrica-acero-inoxidable-holstein-1.8lt-1500w.html: asyncio.run() cannot be called from a running event loop
2025-06-25 12:57:19.260528 | Error en https://tienda.pequenomundo.com/vaporera-3-niveles-800w.html: asyncio.run() cannot be called from a running event loop
2025-06-25 12:57:21.032826 | Error en https://tienda.pequenomundo.com/waflera-personal-350w.html: asyncio.run() cannot be called from a running event loop
2025-06-25 12:57:26.747972 | Error en https://tienda.pequenomundo.com/accesorio-chupeta-bebe.html: ('Connection aborted.', ConnectionResetError(10054, 'An existing connection was forcibly closed by the remote host', None, 10054, None))
2025-06-25 12:57:42.992098 | Error en https://tienda.pequenomundo.com/set-de-aceites-esenciales-lavanda-eucalipto-limon-10ml.html: HTTPConnectionPool(host='localhost', port=63883): Max retries exceeded with url: /session/d5fd84ed2ad2e7313e1bf8df94981f77/url (Caused by NewConnectionError('<urllib3.connection.HTTPConnection object at 0x000001DDF1D34180>: Failed to establish a new connection: [WinError 10061] No connection could be made because the target machine actively refused it'))
2025-06-25 12:57:59.264324 | Error en https://tienda.pequenomundo.com/set-de-aceites-esenciales-lavanda-vainilla-rosas-10ml.html: HTTPConnectionPool(host='localhost', port=63883): Max retries exceeded with url: /session/d5fd84ed2ad2e7313e1bf8df94981f77/url (Caused by NewConnectionError('<urllib3.connection.HTTPConnection object at 0x000001DDEEFD97B0>: Failed to establish a new connection: [WinError 10061] No connection could be made because the target machine actively refused it'))
2025-06-25 12:58:15.540085 | Error en https://tienda.pequenomundo.com/adorno-navide-o-45x24x2cm.html: HTTPConnectionPool(host='localhost', port=63883): Max retries exceeded with url: /session/d5fd84ed2ad2e7313e1bf8df94981f77/url (Caused by NewConnectionError('<urllib3.connection.HTTPConnection object at 0x000001DDEEFD87C0>: Failed to establish a new connection: [WinError 10061] No connection could be made because the target machine actively refused it'))
2025-06-25 12:58:31.743776 | Error en https://tienda.pequenomundo.com/adorno-linterna-dolomite-23x23x23-4cm.html: HTTPConnectionPool(host='localhost', port=63883): Max retries exceeded with url: /session/d5fd84ed2ad2e7313e1bf8df94981f77/url (Caused by NewConnectionError('<urllib3.connection.HTTPConnection object at 0x000001DDEEFD9F20>: Failed to establish a new connection: [WinError 10061] No connection could be made because the target machine actively refused it'))
2025-06-25 12:58:47.959343 | Error en https://tienda.pequenomundo.com/adorno-navide-o-arbol-mdf-y-madera-50x17cm.html: HTTPConnectionPool(host='localhost', port=63883): Max retries exceeded with url: /session/d5fd84ed2ad2e7313e1bf8df94981f77/url (Caused by NewConnectionError('<urllib3.connection.HTTPConnection object at 0x000001DDEEFDA8B0>: Failed to establish a new connection: [WinError 10061] No connection could be made because the target machine actively refused it'))
2025-06-25 12:59:04.224473 | Error en https://tienda.pequenomundo.com/adorno-navideno-arbol-mdf-y-madera-60x19cm.html: HTTPConnectionPool(host='localhost', port=63883): Max retries exceeded with url: /session/d5fd84ed2ad2e7313e1bf8df94981f77/url (Caused by NewConnectionError('<urllib3.connection.HTTPConnection object at 0x000001DDEEFDB240>: Failed to establish a new connection: [WinError 10061] No connection could be made because the target machine actively refused it'))
2025-06-25 12:59:20.479667 | Error en https://tienda.pequenomundo.com/adorno-navide-o-estrella-15cm.html: HTTPConnectionPool(host='localhost', port=63883): Max retries exceeded with url: /session/d5fd84ed2ad2e7313e1bf8df94981f77/url (Caused by NewConnectionError('<urllib3.connection.HTTPConnection object at 0x000001DDEEFDBBD0>: Failed to establish a new connection: [WinError 10061] No connection could be made because the target machine actively refused it'))
2025-06-25 12:59:53.239560 | Error en https://tienda.pequenomundo.com/adorno-navideno-gnomo-madera-y-mdf-21x4,5x11cm.html: asyncio.run() cannot be called from a running event loop
2025-06-25 12:59:54.275761 | Error en https://tienda.pequenomundo.com/adorno-navide-o-gorro-15cm.html: asyncio.run() cannot be called from a running event loop
2025-06-25 12:59:55.384388 | Error en https://tienda.pequenomundo.com/adorno-navide-o-32x8x3cm.html: asyncio.run() cannot be called from a running event loop
2025-06-25 12:59:58.548136 | Error en https://tienda.pequenomundo.com/adorno-navideño-variados-8pcs.html: asyncio.run() cannot be called from a running event loop
2025-06-25 12:59:59.689414 | Error en https://tienda.pequenomundo.com/adorno-perro-porcelana-24x11-5x24cm.html: asyncio.run() cannot be called from a running event loop
2025-06-25 13:00:00.930728 | Error en https://tienda.pequenomundo.com/adorno-pi-a-porcelana-10x10x25cm.html: asyncio.run() cannot be called from a running event loop
2025-06-25 13:00:02.857181 | Error en https://tienda.pequenomundo.com/alfombra-absorbente-70x45cm.html: asyncio.run() cannot be called from a running event loop
2025-06-25 13:00:04.827986 | Error en https://tienda.pequenomundo.com/alfombra-arco-iris-poliester-y-algodon-50x80cm.html: asyncio.run() cannot be called from a running event loop
2025-06-25 13:00:05.681750 | Error en https://tienda.pequenomundo.com/alfombra-area-poliester-120x160cm.html: ('Connection aborted.', ConnectionResetError(10054, 'An existing connection was forcibly closed by the remote host', None, 10054, None))
2025-06-25 13:00:21.926810 | Error en https://tienda.pequenomundo.com/alfombra-area-160cm-x-213cm.html: HTTPConnectionPool(host='localhost', port=64042): Max retries exceeded with url: /session/53c631352c9d9a51680af5afeaa7f9c9/url (Caused by NewConnectionError('<urllib3.connection.HTTPConnection object at 0x000001DD99873230>: Failed to establish a new connection: [WinError 10061] No connection could be made because the target machine actively refused it'))
2025-06-25 13:00:38.199722 | Error en https://tienda.pequenomundo.com/alfombra-ba-o-algodon-50x80cm.html: HTTPConnectionPool(host='localhost', port=64042): Max retries exceeded with url: /session/53c631352c9d9a51680af5afeaa7f9c9/url (Caused by NewConnectionError('<urllib3.connection.HTTPConnection object at 0x000001DD9A3A19D0>: Failed to establish a new connection: [WinError 10061] No connection could be made because the target machine actively refused it'))
2025-06-25 13:00:54.467186 | Error en https://tienda.pequenomundo.com/alfombra-ba-o-algodon-40x60cm.html: HTTPConnectionPool(host='localhost', port=64042): Max retries exceeded with url: /session/53c631352c9d9a51680af5afeaa7f9c9/url (Caused by NewConnectionError('<urllib3.connection.HTTPConnection object at 0x000001DD9A3A2360>: Failed to establish a new connection: [WinError 10061] No connection could be made because the target machine actively refused it'))
2025-06-25 13:01:57.844676 | Error en https://tienda.pequenomundo.com/aparador-2-gavetas-79x45x81cm.html: ('Connection aborted.', ConnectionResetError(10054, 'An existing connection was forcibly closed by the remote host', None, 10054, None))
2025-06-25 13:02:14.172014 | Error en https://tienda.pequenomundo.com/armario-2-puertas-4-niveles-plastico-75x43x176cm.html: HTTPConnectionPool(host='localhost', port=64174): Max retries exceeded with url: /session/33c0960479eefbc7e28f3c4d273bf405/url (Caused by NewConnectionError('<urllib3.connection.HTTPConnection object at 0x0000025B7FD209D0>: Failed to establish a new connection: [WinError 10061] No connection could be made because the target machine actively refused it'))
2025-06-25 13:08:22.161817 | Error en https://tienda.pequenomundo.com/set-de-aceites-esenciales-lavanda-eucalipto-limon-10ml.html: HTTPConnectionPool(host='localhost', port=64249): Max retries exceeded with url: /session/6efa0d04394709649f4076999ba6a583/url (Caused by NewConnectionError('<urllib3.connection.HTTPConnection object at 0x000001CE1C153360>: Failed to establish a new connection: [WinError 10061] No connection could be made because the target machine actively refused it'))
2025-06-25 13:08:38.381386 | Error en https://tienda.pequenomundo.com/set-de-aceites-esenciales-lavanda-vainilla-rosas-10ml.html: HTTPConnectionPool(host='localhost', port=64249): Max retries exceeded with url: /session/6efa0d04394709649f4076999ba6a583/url (Caused by NewConnectionError('<urllib3.connection.HTTPConnection object at 0x000001CE1F0057B0>: Failed to establish a new connection: [WinError 10061] No connection could be made because the target machine actively refused it'))
2025-06-25 13:08:54.598858 | Error en https://tienda.pequenomundo.com/adorno-navide-o-45x24x2cm.html: HTTPConnectionPool(host='localhost', port=64249): Max retries exceeded with url: /session/6efa0d04394709649f4076999ba6a583/url (Caused by NewConnectionError('<urllib3.connection.HTTPConnection object at 0x000001CE1F006140>: Failed to establish a new connection: [WinError 10061] No connection could be made because the target machine actively refused it'))
2025-06-25 13:09:10.844503 | Error en https://tienda.pequenomundo.com/adorno-linterna-dolomite-23x23x23-4cm.html: HTTPConnectionPool(host='localhost', port=64249): Max retries exceeded with url: /session/6efa0d04394709649f4076999ba6a583/url (Caused by NewConnectionError('<urllib3.connection.HTTPConnection object at 0x000001CE1F006AD0>: Failed to establish a new connection: [WinError 10061] No connection could be made because the target machine actively refused it'))
