===== INICIO 2025-07-09 14:09:32.056302 =====
No se pudo iniciar sesión VTEX.
===== INICIO 2025-07-09 14:12:24.964380 =====
No se pudo iniciar sesión VTEX.
===== INICIO 2025-07-09 14:13:43.704834 =====

Categoría: bebes-y-ninos/comida-para-bebe-y-lactancia
 HTTP 206 en bebes-y-ninos/comida-para-bebe-y-lactancia [0-49]. Saltando.

Categoría: alimentos-congelados/comida-facil/comida-congelada
 HTTP 206 en alimentos-congelados/comida-facil/comida-congelada [0-49]. Saltando.

Categoría: lacteos/leche/leche-entera

Categoría: abarrotes/arroz-frijol-y-semillas/arroz
 HTTP 206 en abarrotes/arroz-frijol-y-semillas/arroz [0-49]. Saltando.

Categoría: electronica/electrodomesticos/licuadoras-y-batidoras
 HTTP 206 en electronica/electrodomesticos/licuadoras-y-batidoras [0-49]. Saltando.
Total productos extraídos: 12
===== FIN 2025-07-09 14:13:51.056580 =====
===== INICIO 2025-07-09 14:15:41.696198 =====

Categoría: electronica/televisores
 HTTP 206 en electronica/televisores [0-49]. Saltando.

Categoría: electronica/computacion
 HTTP 206 en electronica/computacion [0-49]. Saltando.
Total productos extraídos: 0
===== FIN 2025-07-09 14:15:43.408680 =====
===== INICIO 2025-07-09 14:17:25.731892 =====

Categoría: electronica/televisores
 HTTP 206 en electronica/televisores [0-49]. Saltando.

Categoría: electronica/computacion
 HTTP 206 en electronica/computacion [0-49]. Saltando.
Total productos extraídos: 0
===== FIN 2025-07-09 14:17:26.728721 =====
===== INICIO 2025-07-09 14:17:33.534196 =====

Categoría: electronica/televisores
 HTTP 206 en electronica/televisores [0-49]. Saltando.

Categoría: electronica/computacion
 HTTP 206 en electronica/computacion [0-49]. Saltando.
Total productos extraídos: 0
===== FIN 2025-07-09 14:17:34.550513 =====
===== INICIO 2025-07-09 14:19:41.051414 =====
Sesión iniciada con cookies correctamente.

Categoría: electronica/computacion
 HTTP 206 en electronica/computacion [0-49]. Saltando.
Total productos extraídos: 0
===== FIN 2025-07-09 14:19:42.091064 =====
===== INICIO 2025-07-09 14:21:28.645407 =====
Sesión iniciada con cookies correctamente.

Categoría: electronica/computacion
 HTTP 206 en electronica/computacion [0-49]. Saltando.
Total productos extraídos: 0
===== FIN 2025-07-09 14:21:30.116838 =====
