===== INICIO 2025-07-09 14:02:25.502374 =====
Total categorías detectadas: 777

Categoría: https://www.walmart.co.cr/jugos-y-bebidas

Categoría: https://www.walmart.co.cr/jugos-y-bebidas/agua

Categoría: https://www.walmart.co.cr/jugos-y-bebidas/agua/agua-natural

Categoría: https://www.walmart.co.cr/jugos-y-bebidas/agua/agua-saborizada

Categoría: https://www.walmart.co.cr/jugos-y-bebidas/agua/envase-agua

Categoría: https://www.walmart.co.cr/jugos-y-bebidas/agua/garrafones

Categoría: https://www.walmart.co.cr/jugos-y-bebidas/cafe-y-te-preparado

Categoría: https://www.walmart.co.cr/jugos-y-bebidas/cafe-y-te-preparado/te-listo-para-beber

Categoría: https://www.walmart.co.cr/jugos-y-bebidas/energizantes-e-hidratantes

Categoría: https://www.walmart.co.cr/jugos-y-bebidas/energizantes-e-hidratantes/energizante

Categoría: https://www.walmart.co.cr/jugos-y-bebidas/energizantes-e-hidratantes/hidratante

Categoría: https://www.walmart.co.cr/jugos-y-bebidas/gaseosas

Categoría: https://www.walmart.co.cr/jugos-y-bebidas/gaseosas/light-y-sin-azucar

Categoría: https://www.walmart.co.cr/jugos-y-bebidas/gaseosas/sabor-cola

Categoría: https://www.walmart.co.cr/jugos-y-bebidas/gaseosas/sabores-varios

Categoría: https://www.walmart.co.cr/jugos-y-bebidas/jugos-y-nectares

Categoría: https://www.walmart.co.cr/jugos-y-bebidas/jugos-y-nectares/bebida-natural

Categoría: https://www.walmart.co.cr/jugos-y-bebidas/jugos-y-nectares/jugo-de-frutas

Categoría: https://www.walmart.co.cr/jugos-y-bebidas/jugos-y-nectares/jugos-naturales

Categoría: https://www.walmart.co.cr/jugos-y-bebidas/jugos-y-nectares/nectar

Categoría: https://www.walmart.co.cr/jugos-y-bebidas/jugos-y-nectares/jugo-de-verduras

Categoría: https://www.walmart.co.cr/jugos-y-bebidas/jugos-y-nectares/bebida-de-soya

Categoría: https://www.walmart.co.cr/jugos-y-bebidas/jugos-y-nectares/bebida-de-almendra

Categoría: https://www.walmart.co.cr/jugos-y-bebidas/jugos-y-nectares/bebida-de-coco

Categoría: https://www.walmart.co.cr/jugos-y-bebidas/polvo-y-liquidos-concentrados

Categoría: https://www.walmart.co.cr/jugos-y-bebidas/polvo-y-liquidos-concentrados/bebidas-en-polvo

Categoría: https://www.walmart.co.cr/jugos-y-bebidas/polvo-y-liquidos-concentrados/liquido-concentrado

Categoría: https://www.walmart.co.cr/cervezas-vinos-y-licores

Categoría: https://www.walmart.co.cr/cervezas-vinos-y-licores/cervezas

Categoría: https://www.walmart.co.cr/cervezas-vinos-y-licores/cervezas/artesanales-e-importadas

Categoría: https://www.walmart.co.cr/cervezas-vinos-y-licores/coolers

Categoría: https://www.walmart.co.cr/cervezas-vinos-y-licores/coolers/coolers

Categoría: https://www.walmart.co.cr/cervezas-vinos-y-licores/digestivos

Categoría: https://www.walmart.co.cr/cervezas-vinos-y-licores/digestivos/rompope

Categoría: https://www.walmart.co.cr/cervezas-vinos-y-licores/licores

Categoría: https://www.walmart.co.cr/cervezas-vinos-y-licores/licores/brandy

Categoría: https://www.walmart.co.cr/cervezas-vinos-y-licores/licores/cognac

Categoría: https://www.walmart.co.cr/cervezas-vinos-y-licores/licores/ginebra

Categoría: https://www.walmart.co.cr/cervezas-vinos-y-licores/licores/ron

Categoría: https://www.walmart.co.cr/cervezas-vinos-y-licores/licores/tequila

Categoría: https://www.walmart.co.cr/cervezas-vinos-y-licores/licores/vodka

Categoría: https://www.walmart.co.cr/cervezas-vinos-y-licores/licores/whisky

Categoría: https://www.walmart.co.cr/cervezas-vinos-y-licores/vinos

Categoría: https://www.walmart.co.cr/cervezas-vinos-y-licores/vinos/champagne-y-espumoso

Categoría: https://www.walmart.co.cr/cervezas-vinos-y-licores/vinos/sidras

Categoría: https://www.walmart.co.cr/cervezas-vinos-y-licores/vinos/vino-blanco

Categoría: https://www.walmart.co.cr/cervezas-vinos-y-licores/vinos/vino-tinto

Categoría: https://www.walmart.co.cr/cervezas-vinos-y-licores/vinos/vino-rosado

Categoría: https://www.walmart.co.cr/cervezas-vinos-y-licores/cooler

Categoría: https://www.walmart.co.cr/carnes-y-pescados

Categoría: https://www.walmart.co.cr/carnes-y-pescados/cerdo

Categoría: https://www.walmart.co.cr/carnes-y-pescados/cerdo/carne-de-cerdo

Categoría: https://www.walmart.co.cr/carnes-y-pescados/cerdo/chicharron

Categoría: https://www.walmart.co.cr/carnes-y-pescados/mariscos-y-pescados

Categoría: https://www.walmart.co.cr/carnes-y-pescados/mariscos-y-pescados/camarones-y-mariscos

Categoría: https://www.walmart.co.cr/carnes-y-pescados/mariscos-y-pescados/filetes-y-enteros

Categoría: https://www.walmart.co.cr/carnes-y-pescados/mariscos-y-pescados/marinados

Categoría: https://www.walmart.co.cr/carnes-y-pescados/pollo-y-pavo

Categoría: https://www.walmart.co.cr/carnes-y-pescados/pollo-y-pavo/pavo

Categoría: https://www.walmart.co.cr/carnes-y-pescados/pollo-y-pavo/pollo

Categoría: https://www.walmart.co.cr/carnes-y-pescados/res

Categoría: https://www.walmart.co.cr/carnes-y-pescados/res/carne-de-res

Categoría: https://www.walmart.co.cr/ropa-y-zapateria

Categoría: https://www.walmart.co.cr/ropa-y-zapateria/hombre

Categoría: https://www.walmart.co.cr/ropa-y-zapateria/hombre/accesorios-para-hombre

Categoría: https://www.walmart.co.cr/ropa-y-zapateria/hombre/ropa-deportiva-para-hombre

Categoría: https://www.walmart.co.cr/ropa-y-zapateria/hombre/ropa-interior-para-hombre

Categoría: https://www.walmart.co.cr/ropa-y-zapateria/hombre/ropa-para-hombre

Categoría: https://www.walmart.co.cr/ropa-y-zapateria/mujer

Categoría: https://www.walmart.co.cr/ropa-y-zapateria/mujer/accesorios-para-mujer

Categoría: https://www.walmart.co.cr/ropa-y-zapateria/mujer/pijamas-y-lenceria-mujer

Categoría: https://www.walmart.co.cr/ropa-y-zapateria/mujer/ropa-deportiva-para-mujer

Categoría: https://www.walmart.co.cr/ropa-y-zapateria/mujer/ropa-para-embarazadas

Categoría: https://www.walmart.co.cr/ropa-y-zapateria/mujer/ropa-para-mujer

Categoría: https://www.walmart.co.cr/ropa-y-zapateria/mujer/trajes-de-bano-mujer

Categoría: https://www.walmart.co.cr/ropa-y-zapateria/zapateria

Categoría: https://www.walmart.co.cr/ropa-y-zapateria/zapateria/zapatos-para-hombre

Categoría: https://www.walmart.co.cr/ropa-y-zapateria/zapateria/zapatos-para-mujer

Categoría: https://www.walmart.co.cr/ropa-y-zapateria/ropa-para-bebe

Categoría: https://www.walmart.co.cr/ropa-y-zapateria/ropa-para-bebe/conjuntos-para-bebe

Categoría: https://www.walmart.co.cr/ropa-y-zapateria/ropa-para-bebe/mamelucos

Categoría: https://www.walmart.co.cr/ropa-y-zapateria/ropa-para-bebe/panaleros

Categoría: https://www.walmart.co.cr/ropa-y-zapateria/ropa-para-bebe/pijamas-para-bebe

Categoría: https://www.walmart.co.cr/ropa-y-zapateria/ropa-para-bebe/ropa-interior-para-bebe

Categoría: https://www.walmart.co.cr/ropa-y-zapateria/ropa-para-bebe/zapatos-guantes-y-gorros-para-ninos

Categoría: https://www.walmart.co.cr/ropa-y-zapateria/ropa-para-ninas

Categoría: https://www.walmart.co.cr/ropa-y-zapateria/ropa-para-ninas/ropa-de-ninas

Categoría: https://www.walmart.co.cr/ropa-y-zapateria/ropa-para-ninas/ropa-interior-y-pijamas-de-ninas

Categoría: https://www.walmart.co.cr/ropa-y-zapateria/ropa-para-ninos

Categoría: https://www.walmart.co.cr/ropa-y-zapateria/ropa-para-ninos/ropa-de-ninos

Categoría: https://www.walmart.co.cr/ropa-y-zapateria/ropa-para-ninos/ropa-interior-y-pijamas-de-ninos

Categoría: https://www.walmart.co.cr/embutidos

Categoría: https://www.walmart.co.cr/embutidos/carnes-frias

Categoría: https://www.walmart.co.cr/embutidos/carnes-frias/botanas-frias

Categoría: https://www.walmart.co.cr/embutidos/carnes-frias/chorizo

Categoría: https://www.walmart.co.cr/embutidos/carnes-frias/jamon

Categoría: https://www.walmart.co.cr/embutidos/carnes-frias/mortadela-y-salchichon

Categoría: https://www.walmart.co.cr/embutidos/carnes-frias/salchichas

Categoría: https://www.walmart.co.cr/embutidos/carnes-frias/tocino

Categoría: https://www.walmart.co.cr/embutidos/carnes-frias/otros-embutidos

Categoría: https://www.walmart.co.cr/higiene-y-belleza

Categoría: https://www.walmart.co.cr/higiene-y-belleza/afeitado

Categoría: https://www.walmart.co.cr/higiene-y-belleza/afeitado/cuidado-de-la-mujer

Categoría: https://www.walmart.co.cr/higiene-y-belleza/afeitado/cuidado-del-hombre

Categoría: https://www.walmart.co.cr/higiene-y-belleza/cosmeticos

Categoría: https://www.walmart.co.cr/higiene-y-belleza/cosmeticos/accesorios-cosmeticos

Categoría: https://www.walmart.co.cr/higiene-y-belleza/cosmeticos/brillos-labiales

Categoría: https://www.walmart.co.cr/higiene-y-belleza/cosmeticos/delineador-de-labios

Categoría: https://www.walmart.co.cr/higiene-y-belleza/cosmeticos/delineador-de-ojos-y-cejas

Categoría: https://www.walmart.co.cr/higiene-y-belleza/cosmeticos/desmaquillantes-y-agua-micelar

Categoría: https://www.walmart.co.cr/higiene-y-belleza/cosmeticos/labiales

Categoría: https://www.walmart.co.cr/higiene-y-belleza/cosmeticos/maquillaje-para-piel-grasa

Categoría: https://www.walmart.co.cr/higiene-y-belleza/cosmeticos/polvo-compacto

Categoría: https://www.walmart.co.cr/higiene-y-belleza/cosmeticos/rubores-y-bronceadores

Categoría: https://www.walmart.co.cr/higiene-y-belleza/cosmeticos/sombra-para-ojos

Categoría: https://www.walmart.co.cr/higiene-y-belleza/cosmeticos/delineadoror-de-ojos-y-cejas

Categoría: https://www.walmart.co.cr/higiene-y-belleza/cuidado-bucal

Categoría: https://www.walmart.co.cr/higiene-y-belleza/cuidado-bucal/cepillo-dental

Categoría: https://www.walmart.co.cr/higiene-y-belleza/cuidado-bucal/enjuague-bucal

Categoría: https://www.walmart.co.cr/higiene-y-belleza/cuidado-bucal/higiene-bucal-para-ninos

Categoría: https://www.walmart.co.cr/higiene-y-belleza/cuidado-bucal/hilo-dental-y-articulos-especializados

Categoría: https://www.walmart.co.cr/higiene-y-belleza/cuidado-bucal/pasta-dental

Categoría: https://www.walmart.co.cr/higiene-y-belleza/cuidado-del-cabello

Categoría: https://www.walmart.co.cr/higiene-y-belleza/cuidado-del-cabello/acondicionadores

Categoría: https://www.walmart.co.cr/higiene-y-belleza/cuidado-del-cabello/cepillos-planchas-y-accesorios

Categoría: https://www.walmart.co.cr/higiene-y-belleza/cuidado-del-cabello/gel-mousse-y-spray

Categoría: https://www.walmart.co.cr/higiene-y-belleza/cuidado-del-cabello/shampoo

Categoría: https://www.walmart.co.cr/higiene-y-belleza/cuidado-del-cabello/shampoo-anticaspa

Categoría: https://www.walmart.co.cr/higiene-y-belleza/cuidado-del-cabello/shampoo-infantil

Categoría: https://www.walmart.co.cr/higiene-y-belleza/cuidado-del-cabello/shampoos-profesionales-y-tratamientos-capilares

Categoría: https://www.walmart.co.cr/higiene-y-belleza/cuidado-del-cabello/tinte-femenino

Categoría: https://www.walmart.co.cr/higiene-y-belleza/cuidado-del-cabello/tinte-masculino

Categoría: https://www.walmart.co.cr/higiene-y-belleza/cuidado-del-cabello/tratamiento-capilar

Categoría: https://www.walmart.co.cr/higiene-y-belleza/cuidado-del-cabello/crema-para-peinar

Categoría: https://www.walmart.co.cr/higiene-y-belleza/cuidado-facial

Categoría: https://www.walmart.co.cr/higiene-y-belleza/cuidado-facial/accesorios-faciales

Categoría: https://www.walmart.co.cr/higiene-y-belleza/cuidado-facial/antiacne

Categoría: https://www.walmart.co.cr/higiene-y-belleza/cuidado-facial/cotonetes-y-algodones

Categoría: https://www.walmart.co.cr/higiene-y-belleza/cuidado-facial/crema-facial

Categoría: https://www.walmart.co.cr/higiene-y-belleza/cuidado-facial/desmaquillante

Categoría: https://www.walmart.co.cr/higiene-y-belleza/cuidado-facial/tratamiento-facial

Categoría: https://www.walmart.co.cr/higiene-y-belleza/cuidado-intimo

Categoría: https://www.walmart.co.cr/higiene-y-belleza/cuidado-intimo/incontinencia

Categoría: https://www.walmart.co.cr/higiene-y-belleza/cuidado-intimo/incontinencia/panales-para-adulto

Categoría: https://www.walmart.co.cr/higiene-y-belleza/cuidado-intimo/incontinencia/ropa-interior

Categoría: https://www.walmart.co.cr/higiene-y-belleza/cuidado-intimo/toallas-y-tampones

Categoría: https://www.walmart.co.cr/higiene-y-belleza/cuidado-para-pies

Categoría: https://www.walmart.co.cr/higiene-y-belleza/cuidado-para-pies/pedicure

Categoría: https://www.walmart.co.cr/higiene-y-belleza/higiene-y-cuidado-corporal

Categoría: https://www.walmart.co.cr/higiene-y-belleza/higiene-y-cuidado-corporal/accesorios-para-ducha

Categoría: https://www.walmart.co.cr/higiene-y-belleza/higiene-y-cuidado-corporal/bloqueadores-y-bronceadores

Categoría: https://www.walmart.co.cr/higiene-y-belleza/higiene-y-cuidado-corporal/crema-corporal

Categoría: https://www.walmart.co.cr/higiene-y-belleza/higiene-y-cuidado-corporal/desodorante-femenino

Categoría: https://www.walmart.co.cr/higiene-y-belleza/higiene-y-cuidado-corporal/desodorante-masculino

Categoría: https://www.walmart.co.cr/higiene-y-belleza/higiene-y-cuidado-corporal/fragancias

Categoría: https://www.walmart.co.cr/higiene-y-belleza/higiene-y-cuidado-corporal/jabon-de-tocador

Categoría: https://www.walmart.co.cr/higiene-y-belleza/higiene-y-cuidado-corporal/jabon-y-gel-corporal

Categoría: https://www.walmart.co.cr/higiene-y-belleza/higiene-y-cuidado-corporal/tratamiento-corporal

Categoría: https://www.walmart.co.cr/higiene-y-belleza/higiene-y-cuidado-corporal/desodoranteante-masculino

Categoría: https://www.walmart.co.cr/higiene-y-belleza/higiene-y-cuidado-para-manos

Categoría: https://www.walmart.co.cr/higiene-y-belleza/higiene-y-cuidado-para-manos/crema-para-manos

Categoría: https://www.walmart.co.cr/higiene-y-belleza/higiene-y-cuidado-para-manos/esmaltes

Categoría: https://www.walmart.co.cr/higiene-y-belleza/higiene-y-cuidado-para-manos/jabon-liquido

Categoría: https://www.walmart.co.cr/higiene-y-belleza/higiene-y-cuidado-para-manos/manicure

Categoría: https://www.walmart.co.cr/higiene-y-belleza/higiene-y-cuidado-para-manos/quitaesmaltes

Categoría: https://www.walmart.co.cr/higiene-y-belleza/higiene-y-cuidado-para-manos/jabon-liquido-para-manos

Categoría: https://www.walmart.co.cr/higiene-y-belleza/kits-de-viaje

Categoría: https://www.walmart.co.cr/higiene-y-belleza/kits-de-viaje/basicos

Categoría: https://www.walmart.co.cr/higiene-y-belleza/panuelos-desechables

Categoría: https://www.walmart.co.cr/higiene-y-belleza/panuelos-desechables/panuelos-desechables

Categoría: https://www.walmart.co.cr/higiene-y-belleza/panuelos-desechables/panuelo-desechable

Categoría: https://www.walmart.co.cr/articulos-para-el-hogar

Categoría: https://www.walmart.co.cr/articulos-para-el-hogar/accesorios-para-cocina

Categoría: https://www.walmart.co.cr/articulos-para-el-hogar/accesorios-para-cocina/hermeticos-y-refractarios

Categoría: https://www.walmart.co.cr/articulos-para-el-hogar/accesorios-para-cocina/manteles-y-tapetes

Categoría: https://www.walmart.co.cr/articulos-para-el-hogar/accesorios-para-cocina/ollas-baterias-y-sartenes

Categoría: https://www.walmart.co.cr/articulos-para-el-hogar/accesorios-para-cocina/utensilios-de-cocina

Categoría: https://www.walmart.co.cr/articulos-para-el-hogar/accesorios-para-cocina/utensilios-de-reposteria

Categoría: https://www.walmart.co.cr/articulos-para-el-hogar/accesorios-para-cocina/organizacion-de-cocina

Categoría: https://www.walmart.co.cr/articulos-para-el-hogar/accesorios-para-cocina/termos-y-botellas

Categoría: https://www.walmart.co.cr/articulos-para-el-hogar/accesorios-para-mesa

Categoría: https://www.walmart.co.cr/articulos-para-el-hogar/accesorios-para-mesa/accesorios-de-mesa

Categoría: https://www.walmart.co.cr/articulos-para-el-hogar/accesorios-para-mesa/bar-y-cocteleria

Categoría: https://www.walmart.co.cr/articulos-para-el-hogar/accesorios-para-mesa/cubiertos-y-cuchillos

Categoría: https://www.walmart.co.cr/articulos-para-el-hogar/accesorios-para-mesa/platos

Categoría: https://www.walmart.co.cr/articulos-para-el-hogar/accesorios-para-mesa/tazas-y-jarras

Categoría: https://www.walmart.co.cr/articulos-para-el-hogar/accesorios-para-mesa/vajillas

Categoría: https://www.walmart.co.cr/articulos-para-el-hogar/accesorios-para-mesa/vasos-y-copas

Categoría: https://www.walmart.co.cr/articulos-para-el-hogar/accesorios-para-mesa/bowls

Categoría: https://www.walmart.co.cr/articulos-para-el-hogar/colchones-y-blancos

Categoría: https://www.walmart.co.cr/articulos-para-el-hogar/colchones-y-blancos/almohadas-y-cojines

Categoría: https://www.walmart.co.cr/articulos-para-el-hogar/colchones-y-blancos/cobijas-y-frazadas

Categoría: https://www.walmart.co.cr/articulos-para-el-hogar/colchones-y-blancos/colchas-y-edredones

Categoría: https://www.walmart.co.cr/articulos-para-el-hogar/colchones-y-blancos/colchones

Categoría: https://www.walmart.co.cr/articulos-para-el-hogar/colchones-y-blancos/protectores-y-sabanas

Categoría: https://www.walmart.co.cr/articulos-para-el-hogar/colchones-y-blancos/toallas

Categoría: https://www.walmart.co.cr/articulos-para-el-hogar/comedores-y-muebles-de-cocina

Categoría: https://www.walmart.co.cr/articulos-para-el-hogar/comedores-y-muebles-de-cocina/comedores

Categoría: https://www.walmart.co.cr/articulos-para-el-hogar/comedores-y-muebles-de-cocina/gabinetes-alacenas-y-estantes

Categoría: https://www.walmart.co.cr/articulos-para-el-hogar/comedores-y-muebles-de-cocina/sillas

Categoría: https://www.walmart.co.cr/articulos-para-el-hogar/decoracion-y-muebles

Categoría: https://www.walmart.co.cr/articulos-para-el-hogar/decoracion-y-muebles/accesorios-para-bano

Categoría: https://www.walmart.co.cr/articulos-para-el-hogar/decoracion-y-muebles/cojines-decorativos

Categoría: https://www.walmart.co.cr/articulos-para-el-hogar/decoracion-y-muebles/cortinas-y-persianas

Categoría: https://www.walmart.co.cr/articulos-para-el-hogar/decoracion-y-muebles/decoracion-del-hogar

Categoría: https://www.walmart.co.cr/articulos-para-el-hogar/decoracion-y-muebles/espejos

Categoría: https://www.walmart.co.cr/articulos-para-el-hogar/decoracion-y-muebles/habitacion

Categoría: https://www.walmart.co.cr/articulos-para-el-hogar/decoracion-y-muebles/muebles-para-ninos

Categoría: https://www.walmart.co.cr/articulos-para-el-hogar/decoracion-y-muebles/portaretratos

Categoría: https://www.walmart.co.cr/articulos-para-el-hogar/decoracion-y-muebles/silla-sillones-y-bancos

Categoría: https://www.walmart.co.cr/articulos-para-el-hogar/decoracion-y-muebles/tapetes

Categoría: https://www.walmart.co.cr/articulos-para-el-hogar/decoracion-y-muebles/velas-y-aromaterapia

Categoría: https://www.walmart.co.cr/articulos-para-el-hogar/escritorios-y-muebles-de-oficina

Categoría: https://www.walmart.co.cr/articulos-para-el-hogar/escritorios-y-muebles-de-oficina/escritorios

Categoría: https://www.walmart.co.cr/articulos-para-el-hogar/escritorios-y-muebles-de-oficina/silla-ejecutiva

Categoría: https://www.walmart.co.cr/articulos-para-el-hogar/escritorios-y-muebles-de-oficina/silla-secretarial

Categoría: https://www.walmart.co.cr/articulos-para-el-hogar/escritorios-y-muebles-de-oficina/sillas-de-oficina

Categoría: https://www.walmart.co.cr/articulos-para-el-hogar/escritorios-y-muebles-de-oficina/sillas-gamer

Categoría: https://www.walmart.co.cr/articulos-para-el-hogar/jardineria-y-exteriores

Categoría: https://www.walmart.co.cr/articulos-para-el-hogar/jardineria-y-exteriores/articulos-de-jardineria

Categoría: https://www.walmart.co.cr/articulos-para-el-hogar/jardineria-y-exteriores/encendedores

Categoría: https://www.walmart.co.cr/articulos-para-el-hogar/jardineria-y-exteriores/flores

Categoría: https://www.walmart.co.cr/articulos-para-el-hogar/jardineria-y-exteriores/hieleras

Categoría: https://www.walmart.co.cr/articulos-para-el-hogar/jardineria-y-exteriores/macetas

Categoría: https://www.walmart.co.cr/articulos-para-el-hogar/jardineria-y-exteriores/muebles-de-jardin

Categoría: https://www.walmart.co.cr/articulos-para-el-hogar/jardineria-y-exteriores/semillas-y-fertilizantes

Categoría: https://www.walmart.co.cr/articulos-para-el-hogar/jardineria-y-exteriores/sombrillas-paraguas-y-capas

Categoría: https://www.walmart.co.cr/articulos-para-el-hogar/jardineria-y-exteriores/terraza

Categoría: https://www.walmart.co.cr/articulos-para-el-hogar/jardineria-y-exteriores/utensilios-para-asar

Categoría: https://www.walmart.co.cr/articulos-para-el-hogar/jardineria-y-exteriores/parrillas

Categoría: https://www.walmart.co.cr/articulos-para-el-hogar/libros-y-revistas

Categoría: https://www.walmart.co.cr/articulos-para-el-hogar/libros-y-revistas/diccionarios-y-escolares

Categoría: https://www.walmart.co.cr/articulos-para-el-hogar/libros-y-revistas/libros-de-interes-general

Categoría: https://www.walmart.co.cr/articulos-para-el-hogar/libros-y-revistas/libros-infantiles-y-juveniles

Categoría: https://www.walmart.co.cr/articulos-para-el-hogar/libros-y-revistas/revistas-y-comics

Categoría: https://www.walmart.co.cr/articulos-para-el-hogar/organizacion-y-almacenamiento

Categoría: https://www.walmart.co.cr/articulos-para-el-hogar/organizacion-y-almacenamiento/accesorios-lavanderia

Categoría: https://www.walmart.co.cr/articulos-para-el-hogar/organizacion-y-almacenamiento/bancos-de-plastico

Categoría: https://www.walmart.co.cr/articulos-para-el-hogar/organizacion-y-almacenamiento/cajas-y-contenedores

Categoría: https://www.walmart.co.cr/articulos-para-el-hogar/organizacion-y-almacenamiento/canastas-y-basureros

Categoría: https://www.walmart.co.cr/articulos-para-el-hogar/organizacion-y-almacenamiento/closets-y-gabinetes

Categoría: https://www.walmart.co.cr/articulos-para-el-hogar/organizacion-y-almacenamiento/equipaje-y-accesorios

Categoría: https://www.walmart.co.cr/articulos-para-el-hogar/organizacion-y-almacenamiento/estantes

Categoría: https://www.walmart.co.cr/articulos-para-el-hogar/organizacion-y-almacenamiento/ganchos-para-ropa

Categoría: https://www.walmart.co.cr/articulos-para-el-hogar/organizacion-y-almacenamiento/serchastabla-planchar-y-cobertores

Categoría: https://www.walmart.co.cr/articulos-para-el-hogar/organizacion-y-almacenamiento/zapateras

Categoría: https://www.walmart.co.cr/articulos-para-el-hogar/papeleria

Categoría: https://www.walmart.co.cr/articulos-para-el-hogar/papeleria/agendas-y-calendarios

Categoría: https://www.walmart.co.cr/articulos-para-el-hogar/papeleria/calculadoras-y-oficina

Categoría: https://www.walmart.co.cr/articulos-para-el-hogar/papeleria/colores-crayolas-y-plumas

Categoría: https://www.walmart.co.cr/articulos-para-el-hogar/papeleria/compas-y-flautas

Categoría: https://www.walmart.co.cr/articulos-para-el-hogar/papeleria/cuadernos-y-carpetas

Categoría: https://www.walmart.co.cr/articulos-para-el-hogar/papeleria/folders-sobres-y-archiveros

Categoría: https://www.walmart.co.cr/articulos-para-el-hogar/papeleria/gomas-y-sacapuntas

Categoría: https://www.walmart.co.cr/articulos-para-el-hogar/papeleria/lapiceros-y-correctores

Categoría: https://www.walmart.co.cr/articulos-para-el-hogar/papeleria/lapices-y-lapiceros

Categoría: https://www.walmart.co.cr/articulos-para-el-hogar/papeleria/loncheras

Categoría: https://www.walmart.co.cr/articulos-para-el-hogar/papeleria/marcadores-y-resaltadores

Categoría: https://www.walmart.co.cr/articulos-para-el-hogar/papeleria/material-para-manualidades

Categoría: https://www.walmart.co.cr/articulos-para-el-hogar/papeleria/mochilas

Categoría: https://www.walmart.co.cr/articulos-para-el-hogar/papeleria/organizadores-de-lapices

Categoría: https://www.walmart.co.cr/articulos-para-el-hogar/papeleria/papel-y-forros

Categoría: https://www.walmart.co.cr/articulos-para-el-hogar/papeleria/pizarras-y-marcadores-de-pizarra

Categoría: https://www.walmart.co.cr/articulos-para-el-hogar/papeleria/reglas-y-juegos-de-geometria

Categoría: https://www.walmart.co.cr/articulos-para-el-hogar/papeleria/tijeras-cintas-y-pegamentos

Categoría: https://www.walmart.co.cr/articulos-para-el-hogar/pintura

Categoría: https://www.walmart.co.cr/articulos-para-el-hogar/pintura/accesorios-para-pintar

Categoría: https://www.walmart.co.cr/articulos-para-el-hogar/pintura/pinturas-y-aerosoles

Categoría: https://www.walmart.co.cr/articulos-para-el-hogar/pintura/lonas-y-accesorios-de-pintura

Categoría: https://www.walmart.co.cr/articulos-para-el-hogar/salas-y-centro-de-entretenimiento

Categoría: https://www.walmart.co.cr/articulos-para-el-hogar/salas-y-centro-de-entretenimiento/mesas-y-espejos

Categoría: https://www.walmart.co.cr/articulos-para-el-hogar/salas-y-centro-de-entretenimiento/muebles-para-bar

Categoría: https://www.walmart.co.cr/articulos-para-el-hogar/salas-y-centro-de-entretenimiento/salas

Categoría: https://www.walmart.co.cr/articulos-para-el-hogar/autos

Categoría: https://www.walmart.co.cr/articulos-para-el-hogar/autos/aceite-para-auto

Categoría: https://www.walmart.co.cr/articulos-para-el-hogar/autos/accesorios-para-auto

Categoría: https://www.walmart.co.cr/articulos-para-el-hogar/autos/baterias-para-auto

Categoría: https://www.walmart.co.cr/articulos-para-el-hogar/autos/limpieza-y-exteriores-para-auto

Categoría: https://www.walmart.co.cr/articulos-para-el-hogar/autos/llantas

Categoría: https://www.walmart.co.cr/articulos-para-el-hogar/autos/motos

Categoría: https://www.walmart.co.cr/articulos-para-el-hogar/ferreteria

Categoría: https://www.walmart.co.cr/articulos-para-el-hogar/ferreteria/almacenamiento

Categoría: https://www.walmart.co.cr/articulos-para-el-hogar/ferreteria/focos-lamparas-e-iluminacion

Categoría: https://www.walmart.co.cr/articulos-para-el-hogar/ferreteria/impermeabilizantes-y-silicones

Categoría: https://www.walmart.co.cr/articulos-para-el-hogar/ferreteria/pegamentos

Categoría: https://www.walmart.co.cr/articulos-para-el-hogar/ferreteria/pilas-y-baterias

Categoría: https://www.walmart.co.cr/articulos-para-el-hogar/ferreteria/cintas

Categoría: https://www.walmart.co.cr/articulos-para-el-hogar/ferreteria/bano-y-plomeria

Categoría: https://www.walmart.co.cr/articulos-para-el-hogar/ferreteria/candados-y-cerraduras

Categoría: https://www.walmart.co.cr/articulos-para-el-hogar/ferreteria/accesorios-para-electricidad

Categoría: https://www.walmart.co.cr/articulos-para-el-hogar/ferreteria/extensiones-y-contactos

Categoría: https://www.walmart.co.cr/articulos-para-el-hogar/ferreteria/herramientas-electricas

Categoría: https://www.walmart.co.cr/articulos-para-el-hogar/ferreteria/herramientas-manuales

Categoría: https://www.walmart.co.cr/bebes-y-ninos

Categoría: https://www.walmart.co.cr/bebes-y-ninos/articulos-para-fiesta

Categoría: https://www.walmart.co.cr/bebes-y-ninos/articulos-para-fiesta/adornos-de-fiestas

Categoría: https://www.walmart.co.cr/bebes-y-ninos/articulos-para-fiesta/desechables-para-fiesta

Categoría: https://www.walmart.co.cr/bebes-y-ninos/articulos-para-fiesta/envolturas-para-regalo

Categoría: https://www.walmart.co.cr/bebes-y-ninos/articulos-para-fiesta/globos

Categoría: https://www.walmart.co.cr/bebes-y-ninos/articulos-para-fiesta/invitaciones-y-tarjetas

Categoría: https://www.walmart.co.cr/bebes-y-ninos/articulos-para-fiesta/velas-de-cumpleanos

Categoría: https://www.walmart.co.cr/bebes-y-ninos/comida-para-bebe-y-lactancia

Categoría: https://www.walmart.co.cr/bebes-y-ninos/comida-para-bebe-y-lactancia/accesorios-de-lactancia

Categoría: https://www.walmart.co.cr/bebes-y-ninos/comida-para-bebe-y-lactancia/biberones-y-tetinas

Categoría: https://www.walmart.co.cr/bebes-y-ninos/comida-para-bebe-y-lactancia/cereales-y-galletas-para-bebe

Categoría: https://www.walmart.co.cr/bebes-y-ninos/comida-para-bebe-y-lactancia/colados-1ra-etapa

Categoría: https://www.walmart.co.cr/bebes-y-ninos/comida-para-bebe-y-lactancia/colados-2da-etapa

Categoría: https://www.walmart.co.cr/bebes-y-ninos/comida-para-bebe-y-lactancia/colados-3ra-etapa

Categoría: https://www.walmart.co.cr/bebes-y-ninos/comida-para-bebe-y-lactancia/colados-4ta-etapa-y-junior

Categoría: https://www.walmart.co.cr/bebes-y-ninos/comida-para-bebe-y-lactancia/platos-vasos-y-cubiertos-para-ninos

Categoría: https://www.walmart.co.cr/bebes-y-ninos/comida-para-bebe-y-lactancia/formulas-lacteas

Categoría: https://www.walmart.co.cr/bebes-y-ninos/cunas-coches-y-accesorios

Categoría: https://www.walmart.co.cr/bebes-y-ninos/cunas-coches-y-accesorios/accesorios-para-bebes

Categoría: https://www.walmart.co.cr/bebes-y-ninos/cunas-coches-y-accesorios/coches-asientos-de-auto-y-canguros

Categoría: https://www.walmart.co.cr/bebes-y-ninos/cunas-coches-y-accesorios/cunas-y-encierros

Categoría: https://www.walmart.co.cr/bebes-y-ninos/higiene-del-bebe

Categoría: https://www.walmart.co.cr/bebes-y-ninos/higiene-del-bebe/accesorios-para-bano-de-bebes

Categoría: https://www.walmart.co.cr/bebes-y-ninos/higiene-del-bebe/crema-gel-y-locion-para-bebe

Categoría: https://www.walmart.co.cr/bebes-y-ninos/higiene-del-bebe/shampoo-y-jabon-para-bebe

Categoría: https://www.walmart.co.cr/bebes-y-ninos/higiene-del-bebe/talco-y-aceite-para-bebe

Categoría: https://www.walmart.co.cr/bebes-y-ninos/juguetes-para-bebe-y-estimulacion-temprana

Categoría: https://www.walmart.co.cr/bebes-y-ninos/juguetes-para-bebe-y-estimulacion-temprana/juguetes-para-bebes

Categoría: https://www.walmart.co.cr/bebes-y-ninos/juguetes-para-bebe-y-estimulacion-temprana/juguetes-preescolar

Categoría: https://www.walmart.co.cr/bebes-y-ninos/panales-y-toallitas-humedas

Categoría: https://www.walmart.co.cr/bebes-y-ninos/panales-y-toallitas-humedas/toallitas-humedas

Categoría: https://www.walmart.co.cr/bebes-y-ninos/panales-y-toallitas-humedas/ecologicos-entrenadores-y-para-nadar

Categoría: https://www.walmart.co.cr/bebes-y-ninos/panales-y-toallitas-humedas/panales-recien-nacido-y-etapa-1

Categoría: https://www.walmart.co.cr/bebes-y-ninos/panales-y-toallitas-humedas/panales---etapa-2

Categoría: https://www.walmart.co.cr/bebes-y-ninos/panales-y-toallitas-humedas/panales---etapa-3

Categoría: https://www.walmart.co.cr/bebes-y-ninos/panales-y-toallitas-humedas/panales---etapa-4

Categoría: https://www.walmart.co.cr/bebes-y-ninos/panales-y-toallitas-humedas/panales---etapa-5

Categoría: https://www.walmart.co.cr/bebes-y-ninos/panales-y-toallitas-humedas/panales---etapa-6

Categoría: https://www.walmart.co.cr/bebes-y-ninos/panales-y-toallitas-humedas/panales---etapa-7

Categoría: https://www.walmart.co.cr/alimentos-congelados

Categoría: https://www.walmart.co.cr/alimentos-congelados/comida-facil

Categoría: https://www.walmart.co.cr/alimentos-congelados/comida-facil/comida-congelada

Categoría: https://www.walmart.co.cr/alimentos-congelados/comida-facil/comida-infantil

Categoría: https://www.walmart.co.cr/alimentos-congelados/comida-facil/papas-congeladas

Categoría: https://www.walmart.co.cr/alimentos-congelados/comida-facil/pescados-y-mariscos

Categoría: https://www.walmart.co.cr/alimentos-congelados/comida-facil/pollo-preparado

Categoría: https://www.walmart.co.cr/alimentos-congelados/comida-facil/tacos-pizzas-y-pastas

Categoría: https://www.walmart.co.cr/alimentos-congelados/frutas-y-verdura-congelada

Categoría: https://www.walmart.co.cr/alimentos-congelados/frutas-y-verdura-congelada/frutas-congeladas

Categoría: https://www.walmart.co.cr/alimentos-congelados/frutas-y-verdura-congelada/verduras-congeladas

Categoría: https://www.walmart.co.cr/alimentos-congelados/hielo

Categoría: https://www.walmart.co.cr/alimentos-congelados/hielo/hielo

Categoría: https://www.walmart.co.cr/alimentos-congelados/postres-congelados

Categoría: https://www.walmart.co.cr/alimentos-congelados/postres-congelados/helados

Categoría: https://www.walmart.co.cr/alimentos-congelados/postres-congelados/hot-cakes-y-wafles

Categoría: https://www.walmart.co.cr/alimentos-congelados/postres-congelados/pay-y-pasteles

Categoría: https://www.walmart.co.cr/alimentos-congelados/postres-congelados/barquillos-y-conos

Categoría: https://www.walmart.co.cr/alimentos-congelados/hielo-empacado

Categoría: https://www.walmart.co.cr/lacteos

Categoría: https://www.walmart.co.cr/lacteos/crema-o-natilla

Categoría: https://www.walmart.co.cr/lacteos/crema-o-natilla/regular

Categoría: https://www.walmart.co.cr/lacteos/gelatinas-y-postres

Categoría: https://www.walmart.co.cr/lacteos/gelatinas-y-postres/gelatinas

Categoría: https://www.walmart.co.cr/lacteos/gelatinas-y-postres/postres

Categoría: https://www.walmart.co.cr/lacteos/huevo

Categoría: https://www.walmart.co.cr/lacteos/huevo/blanco

Categoría: https://www.walmart.co.cr/lacteos/huevo/marron

Categoría: https://www.walmart.co.cr/lacteos/huevo/pastoreo-y-especializado

Categoría: https://www.walmart.co.cr/lacteos/leche

Categoría: https://www.walmart.co.cr/lacteos/leche/condensada

Categoría: https://www.walmart.co.cr/lacteos/leche/en-polvo

Categoría: https://www.walmart.co.cr/lacteos/leche/evaporada

Categoría: https://www.walmart.co.cr/lacteos/leche/leche-deslactosada

Categoría: https://www.walmart.co.cr/lacteos/leche/leche-entera

Categoría: https://www.walmart.co.cr/lacteos/leche/leche-especializada

Categoría: https://www.walmart.co.cr/lacteos/leche/leche-light

Categoría: https://www.walmart.co.cr/lacteos/leche/leche-saborizada

Categoría: https://www.walmart.co.cr/lacteos/leche/leche-semi-y-descremada

Categoría: https://www.walmart.co.cr/lacteos/leche/leche-de-soya

Categoría: https://www.walmart.co.cr/lacteos/mantequillas-y-margarinas

Categoría: https://www.walmart.co.cr/lacteos/mantequillas-y-margarinas/mantequillas

Categoría: https://www.walmart.co.cr/lacteos/mantequillas-y-margarinas/margarinas

Categoría: https://www.walmart.co.cr/lacteos/queso

Categoría: https://www.walmart.co.cr/lacteos/queso/mas-quesos

Categoría: https://www.walmart.co.cr/lacteos/queso/queso-cottage

Categoría: https://www.walmart.co.cr/lacteos/queso/queso-fresco

Categoría: https://www.walmart.co.cr/lacteos/queso/queso-manchego

Categoría: https://www.walmart.co.cr/lacteos/queso/queso-mozzarella

Categoría: https://www.walmart.co.cr/lacteos/queso/queso-parmesano

Categoría: https://www.walmart.co.cr/lacteos/queso/queso-americano

Categoría: https://www.walmart.co.cr/lacteos/queso/queso-crema

Categoría: https://www.walmart.co.cr/lacteos/queso-gourmet

Categoría: https://www.walmart.co.cr/lacteos/queso-gourmet/mezcla-de-quesos-gourmet

Categoría: https://www.walmart.co.cr/lacteos/queso-gourmet/queso-brie

Categoría: https://www.walmart.co.cr/lacteos/queso-gourmet/queso-de-cabra

Categoría: https://www.walmart.co.cr/lacteos/queso-gourmet/queso-edam

Categoría: https://www.walmart.co.cr/lacteos/queso-gourmet/queso-jack

Categoría: https://www.walmart.co.cr/lacteos/yogurt

Categoría: https://www.walmart.co.cr/lacteos/yogurt/yogurt-batido

Categoría: https://www.walmart.co.cr/lacteos/yogurt/yogurt-bebible

Categoría: https://www.walmart.co.cr/lacteos/yogurt/yogurt-natural

Categoría: https://www.walmart.co.cr/abarrotes

Categoría: https://www.walmart.co.cr/abarrotes/aceites-de-cocina

Categoría: https://www.walmart.co.cr/abarrotes/aceites-de-cocina/aceite-de-canola

Categoría: https://www.walmart.co.cr/abarrotes/aceites-de-cocina/aceite-de-maiz

Categoría: https://www.walmart.co.cr/abarrotes/aceites-de-cocina/aceite-de-oliva

Categoría: https://www.walmart.co.cr/abarrotes/aceites-de-cocina/aceite-de-semillas-y-vegetal

Categoría: https://www.walmart.co.cr/abarrotes/aceites-de-cocina/aceite-spray

Categoría: https://www.walmart.co.cr/abarrotes/aceites-de-cocina/manteca

Categoría: https://www.walmart.co.cr/abarrotes/aceites-de-cocina/manteca-vegetal

Categoría: https://www.walmart.co.cr/abarrotes/alimentos-instantaneos

Categoría: https://www.walmart.co.cr/abarrotes/alimentos-instantaneos/comida-rapida

Categoría: https://www.walmart.co.cr/abarrotes/alimentos-instantaneos/cremas-instantaneas

Categoría: https://www.walmart.co.cr/abarrotes/alimentos-instantaneos/pasta-y-sopa-instantanea

Categoría: https://www.walmart.co.cr/abarrotes/alimentos-instantaneos/pure-instantaneo

Categoría: https://www.walmart.co.cr/abarrotes/arroz-frijol-y-semillas

Categoría: https://www.walmart.co.cr/abarrotes/arroz-frijol-y-semillas/arroz

Categoría: https://www.walmart.co.cr/abarrotes/arroz-frijol-y-semillas/frijol

Categoría: https://www.walmart.co.cr/abarrotes/arroz-frijol-y-semillas/leguminosas

Categoría: https://www.walmart.co.cr/abarrotes/arroz-frijol-y-semillas/semillas

Categoría: https://www.walmart.co.cr/abarrotes/azucar-y-postres

Categoría: https://www.walmart.co.cr/abarrotes/azucar-y-postres/azucar

Categoría: https://www.walmart.co.cr/abarrotes/azucar-y-postres/gelatinas-de-leche-en-polvo

Categoría: https://www.walmart.co.cr/abarrotes/azucar-y-postres/gelatinas-y-flan

Categoría: https://www.walmart.co.cr/abarrotes/azucar-y-postres/sustituto-de-azucar

Categoría: https://www.walmart.co.cr/abarrotes/cafe-te-y-sustitutos

Categoría: https://www.walmart.co.cr/abarrotes/cafe-te-y-sustitutos/cafe-listo-para-beber

Categoría: https://www.walmart.co.cr/abarrotes/cafe-te-y-sustitutos/cafe-en-grano

Categoría: https://www.walmart.co.cr/abarrotes/cafe-te-y-sustitutos/cafe-molido

Categoría: https://www.walmart.co.cr/abarrotes/cafe-te-y-sustitutos/capsulas-de-cafe

Categoría: https://www.walmart.co.cr/abarrotes/cafe-te-y-sustitutos/crema-para-cafe

Categoría: https://www.walmart.co.cr/abarrotes/cafe-te-y-sustitutos/filtros-para-cafe

Categoría: https://www.walmart.co.cr/abarrotes/cafe-te-y-sustitutos/te-medicinales

Categoría: https://www.walmart.co.cr/abarrotes/cereales-y-barras

Categoría: https://www.walmart.co.cr/abarrotes/cereales-y-barras/avena-y-granola

Categoría: https://www.walmart.co.cr/abarrotes/cereales-y-barras/barras-de-cereal

Categoría: https://www.walmart.co.cr/abarrotes/cereales-y-barras/cereal-dulce

Categoría: https://www.walmart.co.cr/abarrotes/cereales-y-barras/de-fibra-y-light

Categoría: https://www.walmart.co.cr/abarrotes/dulces-y-chocolates

Categoría: https://www.walmart.co.cr/abarrotes/dulces-y-chocolates/bombones

Categoría: https://www.walmart.co.cr/abarrotes/dulces-y-chocolates/caramelos

Categoría: https://www.walmart.co.cr/abarrotes/dulces-y-chocolates/chicles

Categoría: https://www.walmart.co.cr/abarrotes/dulces-y-chocolates/chocolates

Categoría: https://www.walmart.co.cr/abarrotes/dulces-y-chocolates/gomitas

Categoría: https://www.walmart.co.cr/abarrotes/dulces-y-chocolates/sin-azucar

Categoría: https://www.walmart.co.cr/abarrotes/enlatados-y-conservas

Categoría: https://www.walmart.co.cr/abarrotes/enlatados-y-conservas/aceitunas

Categoría: https://www.walmart.co.cr/abarrotes/enlatados-y-conservas/atun-y-pescado

Categoría: https://www.walmart.co.cr/abarrotes/enlatados-y-conservas/carnes-enlatadas

Categoría: https://www.walmart.co.cr/abarrotes/enlatados-y-conservas/frijoles-instantaneos

Categoría: https://www.walmart.co.cr/abarrotes/enlatados-y-conservas/frutas-en-almibar

Categoría: https://www.walmart.co.cr/abarrotes/enlatados-y-conservas/mariscos-enlatados

Categoría: https://www.walmart.co.cr/abarrotes/enlatados-y-conservas/sopas-y-cremas

Categoría: https://www.walmart.co.cr/abarrotes/enlatados-y-conservas/vegetales-enlatados

Categoría: https://www.walmart.co.cr/abarrotes/especiales-y-sazonadores

Categoría: https://www.walmart.co.cr/abarrotes/especiales-y-sazonadores/consomes

Categoría: https://www.walmart.co.cr/abarrotes/especiales-y-sazonadores/especias

Categoría: https://www.walmart.co.cr/abarrotes/especiales-y-sazonadores/sal-y-condimentos

Categoría: https://www.walmart.co.cr/abarrotes/especiales-y-sazonadores/sazonadores

Categoría: https://www.walmart.co.cr/abarrotes/galletas

Categoría: https://www.walmart.co.cr/abarrotes/galletas/galletas

Categoría: https://www.walmart.co.cr/abarrotes/galletas/galletas-de-avena-y-cereal

Categoría: https://www.walmart.co.cr/abarrotes/galletas/galletas-dulces

Categoría: https://www.walmart.co.cr/abarrotes/galletas/galletas-integrales

Categoría: https://www.walmart.co.cr/abarrotes/galletas/galletas-saladas

Categoría: https://www.walmart.co.cr/abarrotes/harinas-y-reposteria

Categoría: https://www.walmart.co.cr/abarrotes/harinas-y-reposteria/chocolates-para-reposteria

Categoría: https://www.walmart.co.cr/abarrotes/harinas-y-reposteria/de-arroz

Categoría: https://www.walmart.co.cr/abarrotes/harinas-y-reposteria/harina-de-trigo-y-maiz

Categoría: https://www.walmart.co.cr/abarrotes/harinas-y-reposteria/para-hot-cakes

Categoría: https://www.walmart.co.cr/abarrotes/harinas-y-reposteria/reposteria

Categoría: https://www.walmart.co.cr/abarrotes/harinas-y-reposteria/saborizantes-artificiales

Categoría: https://www.walmart.co.cr/abarrotes/leche

Categoría: https://www.walmart.co.cr/abarrotes/leche/condensada

Categoría: https://www.walmart.co.cr/abarrotes/leche/en-polvo

Categoría: https://www.walmart.co.cr/abarrotes/leche/evaporada

Categoría: https://www.walmart.co.cr/abarrotes/leche/leche-deslactosada

Categoría: https://www.walmart.co.cr/abarrotes/leche/leche-entera

Categoría: https://www.walmart.co.cr/abarrotes/leche/leche-especializada

Categoría: https://www.walmart.co.cr/abarrotes/leche/leche-light

Categoría: https://www.walmart.co.cr/abarrotes/leche/leche-saborizada

Categoría: https://www.walmart.co.cr/abarrotes/leche/leche-semi-y-descremada

Categoría: https://www.walmart.co.cr/abarrotes/mermeladas-y-miel

Categoría: https://www.walmart.co.cr/abarrotes/mermeladas-y-miel/cajeta-y-dulce-de-leche

Categoría: https://www.walmart.co.cr/abarrotes/mermeladas-y-miel/crema-de-avellana-y-mantequilla-de-mani

Categoría: https://www.walmart.co.cr/abarrotes/mermeladas-y-miel/mermelada

Categoría: https://www.walmart.co.cr/abarrotes/mermeladas-y-miel/miel

Categoría: https://www.walmart.co.cr/abarrotes/mermeladas-y-miel/otras-mieles

Categoría: https://www.walmart.co.cr/abarrotes/pastas

Categoría: https://www.walmart.co.cr/abarrotes/pastas/fusilli

Categoría: https://www.walmart.co.cr/abarrotes/pastas/pasta-especial

Categoría: https://www.walmart.co.cr/abarrotes/pastas/pasta-precocida

Categoría: https://www.walmart.co.cr/abarrotes/pastas/salsa-para-pasta-y-pizza

Categoría: https://www.walmart.co.cr/abarrotes/pastas/spaghetti

Categoría: https://www.walmart.co.cr/abarrotes/pastas/fetuccini

Categoría: https://www.walmart.co.cr/abarrotes/salsa-aderezos-y-vinagre

Categoría: https://www.walmart.co.cr/abarrotes/salsa-aderezos-y-vinagre/aderezos-y-vinagretas

Categoría: https://www.walmart.co.cr/abarrotes/salsa-aderezos-y-vinagre/catsup-y-mostaza

Categoría: https://www.walmart.co.cr/abarrotes/salsa-aderezos-y-vinagre/mayonesa

Categoría: https://www.walmart.co.cr/abarrotes/salsa-aderezos-y-vinagre/salsa-de-soya-y-teriyaki

Categoría: https://www.walmart.co.cr/abarrotes/salsa-aderezos-y-vinagre/salsa-picante

Categoría: https://www.walmart.co.cr/abarrotes/salsa-aderezos-y-vinagre/salsas-caseras

Categoría: https://www.walmart.co.cr/abarrotes/salsa-aderezos-y-vinagre/salsas-para-sazonar

Categoría: https://www.walmart.co.cr/abarrotes/salsa-aderezos-y-vinagre/vinagre

Categoría: https://www.walmart.co.cr/abarrotes/snacks-y-fruta-seca

Categoría: https://www.walmart.co.cr/abarrotes/snacks-y-fruta-seca/chicharrones

Categoría: https://www.walmart.co.cr/abarrotes/snacks-y-fruta-seca/dip

Categoría: https://www.walmart.co.cr/abarrotes/snacks-y-fruta-seca/frutas-secas

Categoría: https://www.walmart.co.cr/abarrotes/snacks-y-fruta-seca/mani-y-otras-semillas

Categoría: https://www.walmart.co.cr/abarrotes/snacks-y-fruta-seca/mix-de-semillas

Categoría: https://www.walmart.co.cr/abarrotes/snacks-y-fruta-seca/nueces-y-almendras

Categoría: https://www.walmart.co.cr/abarrotes/snacks-y-fruta-seca/palomitas

Categoría: https://www.walmart.co.cr/abarrotes/snacks-y-fruta-seca/papas-y-frituras

Categoría: https://www.walmart.co.cr/abarrotes/snacks-y-fruta-seca/snacks

Categoría: https://www.walmart.co.cr/abarrotes/especias-y-sazonadores

Categoría: https://www.walmart.co.cr/abarrotes/especias-y-sazonadores/sal-y-condimentos

Categoría: https://www.walmart.co.cr/abarrotes/especias-y-sazonadores/sazonadores

Categoría: https://www.walmart.co.cr/abarrotes/especias-y-sazonadores/consomes

Categoría: https://www.walmart.co.cr/abarrotes/especias-y-sazonadores/especias

Categoría: https://www.walmart.co.cr/abarrotes/productos-vegetales-y-veganos

Categoría: https://www.walmart.co.cr/abarrotes/productos-vegetales-y-veganos/alimentos-veganos

Categoría: https://www.walmart.co.cr/electronica

Categoría: https://www.walmart.co.cr/electronica/electrodomesticos

Categoría: https://www.walmart.co.cr/electronica/electrodomesticos/aires-acondicionados-y-ventiladores

Categoría: https://www.walmart.co.cr/electronica/electrodomesticos/aspiradoras

Categoría: https://www.walmart.co.cr/electronica/electrodomesticos/cafeteras-y-jarras-electricas

Categoría: https://www.walmart.co.cr/electronica/electrodomesticos/dispensadores-de-agua

Categoría: https://www.walmart.co.cr/electronica/electrodomesticos/extractores-y-procesadores-de-alimentos

Categoría: https://www.walmart.co.cr/electronica/electrodomesticos/freidoras-y-ollas-electricas

Categoría: https://www.walmart.co.cr/electronica/electrodomesticos/hornos-de-microondas-y-tostadores

Categoría: https://www.walmart.co.cr/electronica/electrodomesticos/licuadoras-y-batidoras

Categoría: https://www.walmart.co.cr/electronica/electrodomesticos/sartenes-electricos

Categoría: https://www.walmart.co.cr/electronica/electrodomesticos/planchas-de-vapor

Categoría: https://www.walmart.co.cr/electronica/electrodomesticos/sandwicheras-y-wafleras

Categoría: https://www.walmart.co.cr/electronica/linea-blanca

Categoría: https://www.walmart.co.cr/electronica/linea-blanca/cocinas-y-hornos

Categoría: https://www.walmart.co.cr/electronica/linea-blanca/lava-vajillas-extractores

Categoría: https://www.walmart.co.cr/electronica/linea-blanca/lavadoras-y-secadoras

Categoría: https://www.walmart.co.cr/electronica/linea-blanca/refrigeradores-y-congeladores

Categoría: https://www.walmart.co.cr/electronica/audio

Categoría: https://www.walmart.co.cr/electronica/audio/accesorios-de-audio

Categoría: https://www.walmart.co.cr/electronica/audio/audifonos

Categoría: https://www.walmart.co.cr/electronica/audio/audio-para-vehiculos

Categoría: https://www.walmart.co.cr/electronica/audio/barras-de-sonido-y-teatro-en-casa

Categoría: https://www.walmart.co.cr/electronica/audio/sistemas-de-audio

Categoría: https://www.walmart.co.cr/electronica/celulares

Categoría: https://www.walmart.co.cr/electronica/celulares/accesorios-para-celular

Categoría: https://www.walmart.co.cr/electronica/celulares/smartphones-y-celulares

Categoría: https://www.walmart.co.cr/electronica/celulares/smartwatch-y-wearables

Categoría: https://www.walmart.co.cr/electronica/computacion

Categoría: https://www.walmart.co.cr/electronica/computacion/accesorios-de-computacion

Categoría: https://www.walmart.co.cr/electronica/computacion/impresoras-multifuncionales-y-scanners

Categoría: https://www.walmart.co.cr/electronica/computacion/laptops

Categoría: https://www.walmart.co.cr/electronica/computacion/ipad-y-tablet

Categoría: https://www.walmart.co.cr/electronica/fotografia

Categoría: https://www.walmart.co.cr/electronica/fotografia/camaras

Categoría: https://www.walmart.co.cr/electronica/televisores

Categoría: https://www.walmart.co.cr/electronica/televisores/accesorios-para-tv

Categoría: https://www.walmart.co.cr/electronica/televisores/pantallas

Categoría: https://www.walmart.co.cr/electronica/televisores/peliculas

Categoría: https://www.walmart.co.cr/electronica/televisores/reproductores-dvd-y-blu-ray

Categoría: https://www.walmart.co.cr/electronica/videojuegos

Categoría: https://www.walmart.co.cr/electronica/videojuegos/accesorios-para-nintendo

Categoría: https://www.walmart.co.cr/electronica/videojuegos/accesorios-para-pc

Categoría: https://www.walmart.co.cr/electronica/videojuegos/accesorios-para-playstation

Categoría: https://www.walmart.co.cr/electronica/videojuegos/accesorios-para-xbox

Categoría: https://www.walmart.co.cr/electronica/videojuegos/consolas-nintendo

Categoría: https://www.walmart.co.cr/electronica/videojuegos/consolas-playstation

Categoría: https://www.walmart.co.cr/electronica/videojuegos/juegos-para-nintendo

Categoría: https://www.walmart.co.cr/electronica/videojuegos/juegos-para-playstation

Categoría: https://www.walmart.co.cr/electronica/videojuegos/otros-juegos-y-accesorios

Categoría: https://www.walmart.co.cr/electronica/videojuegos/teclados-y-mouse

Categoría: https://www.walmart.co.cr/electronica/videojuegos/otros---videojuegos

Categoría: https://www.walmart.co.cr/limpieza

Categoría: https://www.walmart.co.cr/limpieza/accesorios-para-limpieza

Categoría: https://www.walmart.co.cr/limpieza/accesorios-para-limpieza/escobas-cepillos-y-escurridores-de-piso

Categoría: https://www.walmart.co.cr/limpieza/accesorios-para-limpieza/fibras-y-esponjas

Categoría: https://www.walmart.co.cr/limpieza/accesorios-para-limpieza/guantes

Categoría: https://www.walmart.co.cr/limpieza/accesorios-para-limpieza/prensas-de-ropa-y-tendederos

Categoría: https://www.walmart.co.cr/limpieza/accesorios-para-limpieza/tinas-y-cubetas

Categoría: https://www.walmart.co.cr/limpieza/accesorios-para-limpieza/trapeadores-y-quitapelusas

Categoría: https://www.walmart.co.cr/limpieza/accesorios-para-limpieza/panos-y-franelas

Categoría: https://www.walmart.co.cr/limpieza/accesorios-para-limpieza/recogedores

Categoría: https://www.walmart.co.cr/limpieza/aromatizantes

Categoría: https://www.walmart.co.cr/limpieza/aromatizantes/aromatizante-ambiental

Categoría: https://www.walmart.co.cr/limpieza/aromatizantes/aromatizante-de-bano

Categoría: https://www.walmart.co.cr/limpieza/colorantes-y-almidones

Categoría: https://www.walmart.co.cr/limpieza/colorantes-y-almidones/colorantes

Categoría: https://www.walmart.co.cr/limpieza/desechables

Categoría: https://www.walmart.co.cr/limpieza/desechables/bolsas-para-basura

Categoría: https://www.walmart.co.cr/limpieza/desechables/bolsas-para-cocina

Categoría: https://www.walmart.co.cr/limpieza/desechables/palillos-y-pajillas

Categoría: https://www.walmart.co.cr/limpieza/desechables/papel-aluminio-y-adherente

Categoría: https://www.walmart.co.cr/limpieza/desechables/servilletas

Categoría: https://www.walmart.co.cr/limpieza/desechables/toallas-de-cocina

Categoría: https://www.walmart.co.cr/limpieza/desechables/vasos-y-platos

Categoría: https://www.walmart.co.cr/limpieza/detergente

Categoría: https://www.walmart.co.cr/limpieza/detergente/detergente-en-polvo

Categoría: https://www.walmart.co.cr/limpieza/detergente/detergente-liquido

Categoría: https://www.walmart.co.cr/limpieza/jabon-de-lavanderia

Categoría: https://www.walmart.co.cr/limpieza/jabon-de-lavanderia/jabon-de-barra

Categoría: https://www.walmart.co.cr/limpieza/lavaplatos

Categoría: https://www.walmart.co.cr/limpieza/lavaplatos/lavaplatos-en-polvo-y-en-pasta

Categoría: https://www.walmart.co.cr/limpieza/lavaplatos/lavaplatos-liquido

Categoría: https://www.walmart.co.cr/limpieza/limpieza-del-hogar

Categoría: https://www.walmart.co.cr/limpieza/limpieza-del-hogar/cera-para-pisos

Categoría: https://www.walmart.co.cr/limpieza/limpieza-del-hogar/cloro

Categoría: https://www.walmart.co.cr/limpieza/limpieza-del-hogar/cuidado-para-zapatos

Categoría: https://www.walmart.co.cr/limpieza/limpieza-del-hogar/desinfectantes

Categoría: https://www.walmart.co.cr/limpieza/limpieza-del-hogar/destapacanos

Categoría: https://www.walmart.co.cr/limpieza/limpieza-del-hogar/insecticidas-y-trampas

Categoría: https://www.walmart.co.cr/limpieza/limpieza-del-hogar/limpiadores-de-cocina

Categoría: https://www.walmart.co.cr/limpieza/limpieza-del-hogar/limpiadores-multiusos

Categoría: https://www.walmart.co.cr/limpieza/limpieza-del-hogar/limpiadores-de-bano

Categoría: https://www.walmart.co.cr/limpieza/limpieza-del-hogar/toallitas-desinfectantes

Categoría: https://www.walmart.co.cr/limpieza/mascotas

Categoría: https://www.walmart.co.cr/limpieza/mascotas/alimento-humedo-para-gatos

Categoría: https://www.walmart.co.cr/limpieza/mascotas/alimento-humedo-para-perros

Categoría: https://www.walmart.co.cr/limpieza/papel-higienico

Categoría: https://www.walmart.co.cr/limpieza/papel-higienico/empaques-de-18-y-12-rollos

Categoría: https://www.walmart.co.cr/limpieza/papel-higienico/empaques-de-6-y-4-rollos

Categoría: https://www.walmart.co.cr/limpieza/papel-higienico/empaques-de-32-y-24-rollos

Categoría: https://www.walmart.co.cr/limpieza/quitamanchas-para-ropa

Categoría: https://www.walmart.co.cr/limpieza/quitamanchas-para-ropa/quitamanchas-liquido

Categoría: https://www.walmart.co.cr/limpieza/quitamanchas-para-ropa/quitamanchas-en-polvo

Categoría: https://www.walmart.co.cr/limpieza/suavizante

Categoría: https://www.walmart.co.cr/limpieza/suavizante/suavizante-regular

Categoría: https://www.walmart.co.cr/farmacia

Categoría: https://www.walmart.co.cr/farmacia/analgesicos

Categoría: https://www.walmart.co.cr/farmacia/analgesicos/dolor

Categoría: https://www.walmart.co.cr/farmacia/analgesicos/musculares-e-inflamacion

Categoría: https://www.walmart.co.cr/farmacia/bienestar-sexual

Categoría: https://www.walmart.co.cr/farmacia/bienestar-sexual/condones

Categoría: https://www.walmart.co.cr/farmacia/bienestar-sexual/lubricantes

Categoría: https://www.walmart.co.cr/farmacia/bienestar-sexual/pruebas-de-embarazo

Categoría: https://www.walmart.co.cr/farmacia/bienestar-sexual/suplementos

Categoría: https://www.walmart.co.cr/farmacia/cuidado-de-los-pies

Categoría: https://www.walmart.co.cr/farmacia/cuidado-de-los-pies/accesorios

Categoría: https://www.walmart.co.cr/farmacia/cuidado-de-los-pies/antimicoticos-pies

Categoría: https://www.walmart.co.cr/farmacia/cuidado-de-los-pies/antimicoticos-unas

Categoría: https://www.walmart.co.cr/farmacia/cuidado-de-los-pies/callos-ampollas-y-juanetes

Categoría: https://www.walmart.co.cr/farmacia/cuidado-de-los-pies/talcos

Categoría: https://www.walmart.co.cr/farmacia/cuidado-de-los-pies/accesorios-cuidado-de-pies

Categoría: https://www.walmart.co.cr/farmacia/cuidado-personal

Categoría: https://www.walmart.co.cr/farmacia/cuidado-personal/aceites-y-cremas

Categoría: https://www.walmart.co.cr/farmacia/cuidado-personal/antiacne-px

Categoría: https://www.walmart.co.cr/farmacia/cuidado-personal/cuidado-bucal

Categoría: https://www.walmart.co.cr/farmacia/cuidado-personal/cuidado-de-la-piel

Categoría: https://www.walmart.co.cr/farmacia/cuidado-personal/dermocosmeticos

Categoría: https://www.walmart.co.cr/farmacia/cuidado-personal/higiene-femenina

Categoría: https://www.walmart.co.cr/farmacia/cuidado-personal/masajeadores

Categoría: https://www.walmart.co.cr/farmacia/cuidado-personal/para-cuidado-bucal

Categoría: https://www.walmart.co.cr/farmacia/diabetes

Categoría: https://www.walmart.co.cr/farmacia/diabetes/equipos-y-accesorios

Categoría: https://www.walmart.co.cr/farmacia/diabetes/tratamiento-diabetes

Categoría: https://www.walmart.co.cr/farmacia/estomacales

Categoría: https://www.walmart.co.cr/farmacia/estomacales/antiacidos

Categoría: https://www.walmart.co.cr/farmacia/estomacales/antidiarreicos

Categoría: https://www.walmart.co.cr/farmacia/material-de-curacion

Categoría: https://www.walmart.co.cr/farmacia/medicamentos-de-alta-especialidad

Categoría: https://www.walmart.co.cr/farmacia/medicamentos-infantiles

Categoría: https://www.walmart.co.cr/farmacia/medicamentos-infantiles/respiratorios

Categoría: https://www.walmart.co.cr/farmacia/medicamentos-infantiles/vitamina-y-suplemento

Categoría: https://www.walmart.co.cr/farmacia/naturista-y-herbolarios

Categoría: https://www.walmart.co.cr/farmacia/oftalmicos-y-oticos

Categoría: https://www.walmart.co.cr/farmacia/oftalmicos-y-oticos/oidos

Categoría: https://www.walmart.co.cr/farmacia/oftalmicos-y-oticos/soluciones-para-lentes

Categoría: https://www.walmart.co.cr/farmacia/respiratorios

Categoría: https://www.walmart.co.cr/farmacia/respiratorios/alergias

Categoría: https://www.walmart.co.cr/farmacia/respiratorios/congestion-nasal

Categoría: https://www.walmart.co.cr/farmacia/respiratorios/garganta-irritada

Categoría: https://www.walmart.co.cr/farmacia/respiratorios/resfrios

Categoría: https://www.walmart.co.cr/farmacia/respiratorios/tos

Categoría: https://www.walmart.co.cr/farmacia/vitaminas-y-suplementos

Categoría: https://www.walmart.co.cr/farmacia/vitaminas-y-suplementos/calcio---embarazo

Categoría: https://www.walmart.co.cr/farmacia/vitaminas-y-suplementos/multivitaminicos

Categoría: https://www.walmart.co.cr/farmacia/vitaminas-y-suplementos/preventivos

Categoría: https://www.walmart.co.cr/farmacia/vitaminas-y-suplementos/suplementos-nutricionales

Categoría: https://www.walmart.co.cr/farmacia/vitaminas-y-suplementos/vitaminas

Categoría: https://www.walmart.co.cr/farmacia/equipos-medicos

Categoría: https://www.walmart.co.cr/farmacia/equipos-medicos/equipo-medico

Categoría: https://www.walmart.co.cr/farmacia/equipo-medico

Categoría: https://www.walmart.co.cr/farmacia/nutricion-deportiva

Categoría: https://www.walmart.co.cr/farmacia/nutricion-deportiva/suplementos-deportivos

Categoría: https://www.walmart.co.cr/farmacia/anticonceptivos-hormonal-y-salud-sexual

Categoría: https://www.walmart.co.cr/farmacia/antimicotico

Categoría: https://www.walmart.co.cr/farmacia/antiviral-gripe-y-tos

Categoría: https://www.walmart.co.cr/farmacia/asma-alergias-y-nasal

Categoría: https://www.walmart.co.cr/farmacia/bienestar-equipo-medico-y-soluciones-hospitalarias

Categoría: https://www.walmart.co.cr/farmacia/cardiovascular---hipertensivo

Categoría: https://www.walmart.co.cr/farmacia/colesterol-y-triglicerido

Categoría: https://www.walmart.co.cr/farmacia/dermatologia

Categoría: https://www.walmart.co.cr/farmacia/diabetes-y-tiroides

Categoría: https://www.walmart.co.cr/farmacia/dolor-e-inflamacion

Categoría: https://www.walmart.co.cr/farmacia/embarazo---lactancia-infantil

Categoría: https://www.walmart.co.cr/farmacia/multivitaminicos-suplementos---sistema-oseo

Categoría: https://www.walmart.co.cr/farmacia/otc

Categoría: https://www.walmart.co.cr/farmacia/salud-bucal-oftalmologico---oido

Categoría: https://www.walmart.co.cr/farmacia/sistema-digestivo-y-antiparasitarios

Categoría: https://www.walmart.co.cr/farmacia/sistema-nervioso

Categoría: https://www.walmart.co.cr/farmacia/sistema-urinario

Categoría: https://www.walmart.co.cr/farmacia/antibiotico

Categoría: https://www.walmart.co.cr/farmacia/vacunas

Categoría: https://www.walmart.co.cr/frutas-y-verduras

Categoría: https://www.walmart.co.cr/frutas-y-verduras/frutas

Categoría: https://www.walmart.co.cr/frutas-y-verduras/frutas/bananos-papayas-y-tropicales

Categoría: https://www.walmart.co.cr/frutas-y-verduras/frutas/fresa-frambuesa-y-moras

Categoría: https://www.walmart.co.cr/frutas-y-verduras/frutas/manzanas-y-peras

Categoría: https://www.walmart.co.cr/frutas-y-verduras/frutas/naranja-limon-y-citricos

Categoría: https://www.walmart.co.cr/frutas-y-verduras/frutas/uvas-duraznos-y-ciruelas

Categoría: https://www.walmart.co.cr/frutas-y-verduras/frutas/frutas-de-temporada-y-exoticas

Categoría: https://www.walmart.co.cr/frutas-y-verduras/organicos

Categoría: https://www.walmart.co.cr/frutas-y-verduras/organicos/verduras

Categoría: https://www.walmart.co.cr/frutas-y-verduras/verduras

Categoría: https://www.walmart.co.cr/frutas-y-verduras/verduras/cebollas-papas-y-verduras-de-raiz

Categoría: https://www.walmart.co.cr/frutas-y-verduras/verduras/chiles-ajos-y-pimientos

Categoría: https://www.walmart.co.cr/frutas-y-verduras/verduras/ensaladas-y-empacados

Categoría: https://www.walmart.co.cr/frutas-y-verduras/verduras/hongos-brocolis-y-esparragos

Categoría: https://www.walmart.co.cr/frutas-y-verduras/verduras/lechugas-espinacas-y-hojas-verdes

Categoría: https://www.walmart.co.cr/frutas-y-verduras/verduras/tomates-aguacates-y-basicos

Categoría: https://www.walmart.co.cr/frutas-y-verduras/verduras/calabazas-y-similares

Categoría: https://www.walmart.co.cr/panaderia-y-tortilleria

Categoría: https://www.walmart.co.cr/panaderia-y-tortilleria/comida-y-snacks

Categoría: https://www.walmart.co.cr/panaderia-y-tortilleria/comida-y-snacks/barra-de-ensaladas

Categoría: https://www.walmart.co.cr/panaderia-y-tortilleria/comida-y-snacks/barra-de-postres

Categoría: https://www.walmart.co.cr/panaderia-y-tortilleria/comida-y-snacks/bebidas-preparadas

Categoría: https://www.walmart.co.cr/panaderia-y-tortilleria/comida-y-snacks/fritos-y-rostizados

Categoría: https://www.walmart.co.cr/panaderia-y-tortilleria/comida-y-snacks/guisados

Categoría: https://www.walmart.co.cr/panaderia-y-tortilleria/comida-y-snacks/platillos-preparados

Categoría: https://www.walmart.co.cr/panaderia-y-tortilleria/comida-y-snacks/sandwiches-pizza-y-hot-dog

Categoría: https://www.walmart.co.cr/panaderia-y-tortilleria/comida-y-snacks/sopas-y-guarniciones

Categoría: https://www.walmart.co.cr/panaderia-y-tortilleria/pan-dulce

Categoría: https://www.walmart.co.cr/panaderia-y-tortilleria/pan-dulce/bizcochos

Categoría: https://www.walmart.co.cr/panaderia-y-tortilleria/pan-dulce/empacados

Categoría: https://www.walmart.co.cr/panaderia-y-tortilleria/pan-salado

Categoría: https://www.walmart.co.cr/panaderia-y-tortilleria/pan-salado/crutones

Categoría: https://www.walmart.co.cr/panaderia-y-tortilleria/pan-salado/bagels

Categoría: https://www.walmart.co.cr/panaderia-y-tortilleria/pan-salado/bocadillos-y-empanadas

Categoría: https://www.walmart.co.cr/panaderia-y-tortilleria/pan-salado/bollos-y-hot-dog

Categoría: https://www.walmart.co.cr/panaderia-y-tortilleria/pan-salado/empanizadores

Categoría: https://www.walmart.co.cr/panaderia-y-tortilleria/pan-salado/pan-de-caja

Categoría: https://www.walmart.co.cr/panaderia-y-tortilleria/pan-salado/pan-europeo-y-rustico

Categoría: https://www.walmart.co.cr/panaderia-y-tortilleria/pan-salado/pan-tostado

Categoría: https://www.walmart.co.cr/panaderia-y-tortilleria/reposteria-y-pasteleria

Categoría: https://www.walmart.co.cr/panaderia-y-tortilleria/reposteria-y-pasteleria/pasteles-y-pays

Categoría: https://www.walmart.co.cr/panaderia-y-tortilleria/reposteria-y-pasteleria/roscas-y-panques

Categoría: https://www.walmart.co.cr/panaderia-y-tortilleria/reposteria-y-pasteleria/roscas-y-panques

Categoría: https://www.walmart.co.cr/panaderia-y-tortilleria/tortilleria

Categoría: https://www.walmart.co.cr/panaderia-y-tortilleria/tortilleria/pan-pita

Categoría: https://www.walmart.co.cr/panaderia-y-tortilleria/tortilleria/tortillas-de-harina

Categoría: https://www.walmart.co.cr/panaderia-y-tortilleria/tortilleria/tortillas-de-maiz

Categoría: https://www.walmart.co.cr/panaderia-y-tortilleria/tortilleria/tostadas

Categoría: https://www.walmart.co.cr/juguetes

Categoría: https://www.walmart.co.cr/juguetes/jugueteria

Categoría: https://www.walmart.co.cr/juguetes/jugueteria/juguetes-para-ninas

Categoría: https://www.walmart.co.cr/juguetes/jugueteria/juguetes-para-ninos

Categoría: https://www.walmart.co.cr/juguetes/jugueteria/bicicletas-patines-y-scooters

Categoría: https://www.walmart.co.cr/juguetes/jugueteria/juguetes-de-construccion

Categoría: https://www.walmart.co.cr/juguetes/jugueteria/juegos-de-mesa

Categoría: https://www.walmart.co.cr/juguetes/jugueteria/juegos-de-ciencia-y-creatividad

Categoría: https://www.walmart.co.cr/juguetes/jugueteria/peluches

Categoría: https://www.walmart.co.cr/juguetes/jugueteria/juguetes-de-agua-y-exterior

Categoría: https://www.walmart.co.cr/juguetes/jugueteria/juegos-tradicionales

Categoría: https://www.walmart.co.cr/deportes

Categoría: https://www.walmart.co.cr/deportes/articulos-deportivos

Categoría: https://www.walmart.co.cr/deportes/articulos-deportivos/tenis-squash-y-boxeo

Categoría: https://www.walmart.co.cr/deportes/articulos-deportivos/entrenamiento-fisico

Categoría: https://www.walmart.co.cr/deportes/articulos-deportivos/accesorios-deportivos

Categoría: https://www.walmart.co.cr/deportes/articulos-deportivos/campismo

Categoría: https://www.walmart.co.cr/deportes/articulos-deportivos/natacion

Categoría: https://www.walmart.co.cr/deportes/articulos-deportivos/balones-y-entrenamiento

Categoría: https://www.walmart.co.cr/deportes/album-copa-america

Categoría: https://www.walmart.co.cr/mascota

Categoría: https://www.walmart.co.cr/mascota/accesorios-para-perros

Categoría: https://www.walmart.co.cr/mascota/alimento-seco-para-gatos

Categoría: https://www.walmart.co.cr/mascota/alimento-seco-para-perros

Categoría: https://www.walmart.co.cr/mascota/alimento-y-accesorios-otras-mascotas

Categoría: https://www.walmart.co.cr/mascota/arena-y-accesorios-para-gatos

Categoría: https://www.walmart.co.cr/mascota/limpieza-y-cuidado

Categoría: https://www.walmart.co.cr/mascota/premios-y-carnazas

Categoría: https://www.walmart.co.cr/mascota/alimento-humedo-para-perros

Categoría: https://www.walmart.co.cr/mascota/alimento-humedo-para-perros

Categoría: https://www.walmart.co.cr/mascota/alimento-humedo-para-gatos
Total productos extraídos: 0
===== FIN 2025-07-09 14:07:13.660574 =====
