
===== INICIO DE EJECUCIÓN 2025-06-25 15:37:18.411648 =====

===== INICIO DE EJECUCIÓN 2025-06-25 19:48:01.768977 =====
Producto inválido (no es dict): P
Producto inválido (no es dict): a
Producto inválido (no es dict): r
Producto inválido (no es dict): a
Producto inválido (no es dict): m
Producto inválido (no es dict): e
Producto inválido (no es dict): t
Producto inválido (no es dict): e
Producto inválido (no es dict): r
Producto inválido (no es dict):  
Producto inválido (no es dict): _
Demasiados productos inválidos. Finalizando scraping.

===== INICIO DE EJECUCIÓN 2025-06-25 20:48:29.740945 =====
Producto inválido (no es dict): P
Producto inválido (no es dict): a
Producto inválido (no es dict): r
Producto inválido (no es dict): a
Producto inválido (no es dict): m
Producto inválido (no es dict): e
Producto inválido (no es dict): t
Producto inválido (no es dict): e
Producto inválido (no es dict): r
Producto inválido (no es dict):  
Producto inválido (no es dict): _
Demasiados productos inválidos. Finalizando scraping.
