===== INICIO 2025-07-09 14:23:21.507767 =====

Categoría: electronica/computacion
 Error HTTP 206 en electronica/computacion [0-49]
Total productos extraídos: 0
===== FIN 2025-07-09 14:23:21.928588 =====
===== INICIO 2025-07-09 14:23:28.978415 =====

Categoría: electronica/computacion
 Error HTTP 206 en electronica/computacion [0-49]
Total productos extraídos: 0
===== FIN 2025-07-09 14:23:29.446945 =====
===== INICIO 2025-07-09 14:25:47.341764 =====

Categoría: electronica/computacion
 Error HTTP 206 en electronica/computacion [0-49]
Total productos extraídos: 0
===== FIN 2025-07-09 14:25:47.859021 =====
===== INICIO 2025-07-09 14:27:07.204804 =====

Categoría: lacteos/leche/leche-entera

Categoría: lacteos/queso/queso-fresco

Categoría: abarrotes/galletas/galletas-dulces
 Error HTTP 206 en abarrotes/galletas/galletas-dulces [0-49]

Categoría: abarrotes/cafe-te-y-sustitutos/cafe-en-grano

Categoría: abarrotes/azucar-y-postres/azucar

Categoría: abarrotes/dulces-y-chocolates/chocolates
 Error HTTP 206 en abarrotes/dulces-y-chocolates/chocolates [0-49]

Categoría: limpieza/detergente/detergente-en-polvo
 Error HTTP 206 en limpieza/detergente/detergente-en-polvo [0-49]

Categoría: frutas-y-verduras/frutas/manzanas-y-peras

Categoría: bebes-y-ninos/comida-para-bebe-y-lactancia
 Error HTTP 206 en bebes-y-ninos/comida-para-bebe-y-lactancia [0-49]

Categoría: panaderia-y-tortilleria/pan-salado/pan-de-caja
Total productos extraídos: 128
===== FIN 2025-07-09 14:27:21.074263 =====
===== INICIO 2025-07-09 14:38:12.672979 =====

Categoría: abarrotes
 Error HTTP 206 en abarrotes [0-49]

Categoría: abarrotes/aceites-de-cocina
 Error HTTP 206 en abarrotes/aceites-de-cocina [0-49]

Categoría: abarrotes/aceites-de-cocina/aceite-de-canola

Categoría: abarrotes/aceites-de-cocina/aceite-de-maiz

Categoría: abarrotes/aceites-de-cocina/aceite-de-oliva
 Error HTTP 206 en abarrotes/aceites-de-cocina/aceite-de-oliva [0-49]

Categoría: abarrotes/aceites-de-cocina/aceite-de-semillas-y-vegetal
 Error HTTP 206 en abarrotes/aceites-de-cocina/aceite-de-semillas-y-vegetal [0-49]

Categoría: abarrotes/aceites-de-cocina/aceite-spray

Categoría: abarrotes/aceites-de-cocina/manteca

Categoría: abarrotes/aceites-de-cocina/manteca-vegetal

Categoría: abarrotes/alimentos-instantaneos
 Error HTTP 206 en abarrotes/alimentos-instantaneos [0-49]

Categoría: abarrotes/alimentos-instantaneos/comida-rapida

Categoría: abarrotes/alimentos-instantaneos/cremas-instantaneas

Categoría: abarrotes/alimentos-instantaneos/pasta-y-sopa-instantanea
 Error HTTP 206 en abarrotes/alimentos-instantaneos/pasta-y-sopa-instantanea [0-49]

Categoría: abarrotes/alimentos-instantaneos/pure-instantaneo

Categoría: abarrotes/arroz-frijol-y-semillas
 Error HTTP 206 en abarrotes/arroz-frijol-y-semillas [0-49]

Categoría: abarrotes/arroz-frijol-y-semillas/arroz
 Error HTTP 206 en abarrotes/arroz-frijol-y-semillas/arroz [0-49]

Categoría: abarrotes/arroz-frijol-y-semillas/frijol

Categoría: abarrotes/arroz-frijol-y-semillas/leguminosas

Categoría: abarrotes/arroz-frijol-y-semillas/semillas

Categoría: abarrotes/azucar-y-postres
 Error HTTP 206 en abarrotes/azucar-y-postres [0-49]

Categoría: abarrotes/azucar-y-postres/azucar

Categoría: abarrotes/azucar-y-postres/gelatinas-de-leche-en-polvo

Categoría: abarrotes/azucar-y-postres/gelatinas-y-flan
 Error HTTP 206 en abarrotes/azucar-y-postres/gelatinas-y-flan [0-49]

Categoría: abarrotes/azucar-y-postres/sustituto-de-azucar

Categoría: abarrotes/cafe-te-y-sustitutos
 Error HTTP 500 en abarrotes/cafe-te-y-sustitutos [0-49]

Categoría: abarrotes/cafe-te-y-sustitutos/cafe-en-grano

Categoría: abarrotes/cafe-te-y-sustitutos/cafe-listo-para-beber

Categoría: abarrotes/cafe-te-y-sustitutos/cafe-molido
 Error HTTP 500 en abarrotes/cafe-te-y-sustitutos/cafe-molido [0-49]

Categoría: abarrotes/cafe-te-y-sustitutos/capsulas-de-cafe

Categoría: abarrotes/cafe-te-y-sustitutos/crema-para-cafe

Categoría: abarrotes/cafe-te-y-sustitutos/filtros-para-cafe

Categoría: abarrotes/cafe-te-y-sustitutos/te-medicinales
 Error HTTP 206 en abarrotes/cafe-te-y-sustitutos/te-medicinales [0-49]

Categoría: abarrotes/cereales-y-barras
 Error HTTP 206 en abarrotes/cereales-y-barras [0-49]

Categoría: abarrotes/cereales-y-barras/avena-y-granola
 Error HTTP 206 en abarrotes/cereales-y-barras/avena-y-granola [0-49]

Categoría: abarrotes/cereales-y-barras/barras-de-cereal
 Error HTTP 206 en abarrotes/cereales-y-barras/barras-de-cereal [0-49]

Categoría: abarrotes/cereales-y-barras/cereal-dulce
 Error HTTP 206 en abarrotes/cereales-y-barras/cereal-dulce [0-49]

Categoría: abarrotes/cereales-y-barras/de-fibra-y-light
 Error HTTP 206 en abarrotes/cereales-y-barras/de-fibra-y-light [0-49]

Categoría: abarrotes/dulces-y-chocolates
 Error HTTP 206 en abarrotes/dulces-y-chocolates [0-49]

Categoría: abarrotes/dulces-y-chocolates/bombones

Categoría: abarrotes/dulces-y-chocolates/caramelos
 Error HTTP 206 en abarrotes/dulces-y-chocolates/caramelos [0-49]

Categoría: abarrotes/dulces-y-chocolates/chicles
 Error HTTP 206 en abarrotes/dulces-y-chocolates/chicles [0-49]

Categoría: abarrotes/dulces-y-chocolates/chocolates
 Error HTTP 206 en abarrotes/dulces-y-chocolates/chocolates [0-49]

Categoría: abarrotes/dulces-y-chocolates/gomitas
 Error HTTP 500 en abarrotes/dulces-y-chocolates/gomitas [0-49]

Categoría: abarrotes/dulces-y-chocolates/sin-azucar

Categoría: abarrotes/enlatados-y-conservas
 Error HTTP 206 en abarrotes/enlatados-y-conservas [0-49]

Categoría: abarrotes/enlatados-y-conservas/aceitunas

Categoría: abarrotes/enlatados-y-conservas/atun-y-pescado
 Error HTTP 206 en abarrotes/enlatados-y-conservas/atun-y-pescado [0-49]

Categoría: abarrotes/enlatados-y-conservas/carnes-enlatadas

Categoría: abarrotes/enlatados-y-conservas/frijoles-instantaneos
 Error HTTP 206 en abarrotes/enlatados-y-conservas/frijoles-instantaneos [0-49]

Categoría: abarrotes/enlatados-y-conservas/frutas-en-almibar

Categoría: abarrotes/enlatados-y-conservas/mariscos-enlatados

Categoría: abarrotes/enlatados-y-conservas/sopas-y-cremas

Categoría: abarrotes/enlatados-y-conservas/vegetales-enlatados
 Error HTTP 206 en abarrotes/enlatados-y-conservas/vegetales-enlatados [0-49]

Categoría: abarrotes/especiales-y-sazonadores

Categoría: abarrotes/especiales-y-sazonadores/consomes

Categoría: abarrotes/especiales-y-sazonadores/especias

Categoría: abarrotes/especiales-y-sazonadores/sal-y-condimentos

Categoría: abarrotes/especiales-y-sazonadores/sazonadores

Categoría: abarrotes/especias-y-sazonadores
 Error HTTP 206 en abarrotes/especias-y-sazonadores [0-49]

Categoría: abarrotes/especias-y-sazonadores/consomes

Categoría: abarrotes/especias-y-sazonadores/especias
 Error HTTP 206 en abarrotes/especias-y-sazonadores/especias [0-49]

Categoría: abarrotes/especias-y-sazonadores/sal-y-condimentos
 Error HTTP 206 en abarrotes/especias-y-sazonadores/sal-y-condimentos [0-49]

Categoría: abarrotes/especias-y-sazonadores/sazonadores
 Error HTTP 206 en abarrotes/especias-y-sazonadores/sazonadores [0-49]

Categoría: abarrotes/galletas
 Error HTTP 206 en abarrotes/galletas [0-49]

Categoría: abarrotes/galletas/galletas
 Error HTTP 206 en abarrotes/galletas/galletas [0-49]

Categoría: abarrotes/galletas/galletas-de-avena-y-cereal

Categoría: abarrotes/galletas/galletas-dulces
 Error HTTP 206 en abarrotes/galletas/galletas-dulces [0-49]

Categoría: abarrotes/galletas/galletas-integrales
 Error HTTP 206 en abarrotes/galletas/galletas-integrales [0-49]

Categoría: abarrotes/galletas/galletas-saladas
 Error HTTP 206 en abarrotes/galletas/galletas-saladas [0-49]

Categoría: abarrotes/harinas-y-reposteria
 Error HTTP 206 en abarrotes/harinas-y-reposteria [0-49]

Categoría: abarrotes/harinas-y-reposteria/chocolates-para-reposteria

Categoría: abarrotes/harinas-y-reposteria/de-arroz

Categoría: abarrotes/harinas-y-reposteria/harina-de-trigo-y-maiz
 Error HTTP 206 en abarrotes/harinas-y-reposteria/harina-de-trigo-y-maiz [0-49]

Categoría: abarrotes/harinas-y-reposteria/para-hot-cakes

Categoría: abarrotes/harinas-y-reposteria/reposteria
 Error HTTP 206 en abarrotes/harinas-y-reposteria/reposteria [0-49]

Categoría: abarrotes/harinas-y-reposteria/saborizantes-artificiales

Categoría: abarrotes/leche

Categoría: abarrotes/leche/condensada

Categoría: abarrotes/leche/en-polvo

Categoría: abarrotes/leche/evaporada

Categoría: abarrotes/leche/leche-deslactosada

Categoría: abarrotes/leche/leche-entera

Categoría: abarrotes/leche/leche-especializada

Categoría: abarrotes/leche/leche-light

Categoría: abarrotes/leche/leche-saborizada

Categoría: abarrotes/leche/leche-semi-y-descremada

Categoría: abarrotes/mermeladas-y-miel
 Error HTTP 206 en abarrotes/mermeladas-y-miel [0-49]

Categoría: abarrotes/mermeladas-y-miel/cajeta-y-dulce-de-leche

Categoría: abarrotes/mermeladas-y-miel/crema-de-avellana-y-mantequilla-de-mani

Categoría: abarrotes/mermeladas-y-miel/mermelada
 Error HTTP 206 en abarrotes/mermeladas-y-miel/mermelada [0-49]

Categoría: abarrotes/mermeladas-y-miel/miel

Categoría: abarrotes/mermeladas-y-miel/otras-mieles

Categoría: abarrotes/pastas
 Error HTTP 206 en abarrotes/pastas [0-49]

Categoría: abarrotes/pastas/fetuccini

Categoría: abarrotes/pastas/fusilli
 Error HTTP 206 en abarrotes/pastas/fusilli [0-49]

Categoría: abarrotes/pastas/pasta-especial
 Error HTTP 206 en abarrotes/pastas/pasta-especial [0-49]

Categoría: abarrotes/pastas/pasta-precocida

Categoría: abarrotes/pastas/salsa-para-pasta-y-pizza
 Error HTTP 206 en abarrotes/pastas/salsa-para-pasta-y-pizza [0-49]

Categoría: abarrotes/pastas/spaghetti

Categoría: abarrotes/productos-vegetales-y-veganos

Categoría: abarrotes/productos-vegetales-y-veganos/alimentos-veganos

Categoría: abarrotes/salsa-aderezos-y-vinagre
 Error HTTP 206 en abarrotes/salsa-aderezos-y-vinagre [0-49]

Categoría: abarrotes/salsa-aderezos-y-vinagre/aderezos-y-vinagretas
 Error HTTP 206 en abarrotes/salsa-aderezos-y-vinagre/aderezos-y-vinagretas [0-49]

Categoría: abarrotes/salsa-aderezos-y-vinagre/catsup-y-mostaza
 Error HTTP 206 en abarrotes/salsa-aderezos-y-vinagre/catsup-y-mostaza [0-49]

Categoría: abarrotes/salsa-aderezos-y-vinagre/mayonesa
 Error HTTP 206 en abarrotes/salsa-aderezos-y-vinagre/mayonesa [0-49]

Categoría: abarrotes/salsa-aderezos-y-vinagre/salsa-de-soya-y-teriyaki

Categoría: abarrotes/salsa-aderezos-y-vinagre/salsa-picante
 Error HTTP 206 en abarrotes/salsa-aderezos-y-vinagre/salsa-picante [0-49]

Categoría: abarrotes/salsa-aderezos-y-vinagre/salsas-caseras

Categoría: abarrotes/salsa-aderezos-y-vinagre/salsas-para-sazonar

Categoría: abarrotes/salsa-aderezos-y-vinagre/vinagre

Categoría: abarrotes/snacks-y-fruta-seca
 Error HTTP 206 en abarrotes/snacks-y-fruta-seca [0-49]

Categoría: abarrotes/snacks-y-fruta-seca/chicharrones

Categoría: abarrotes/snacks-y-fruta-seca/dip

Categoría: abarrotes/snacks-y-fruta-seca/frutas-secas

Categoría: abarrotes/snacks-y-fruta-seca/mani-y-otras-semillas
 Error HTTP 206 en abarrotes/snacks-y-fruta-seca/mani-y-otras-semillas [0-49]

Categoría: abarrotes/snacks-y-fruta-seca/mix-de-semillas

Categoría: abarrotes/snacks-y-fruta-seca/nueces-y-almendras
 Error HTTP 206 en abarrotes/snacks-y-fruta-seca/nueces-y-almendras [0-49]

Categoría: abarrotes/snacks-y-fruta-seca/palomitas

Categoría: abarrotes/snacks-y-fruta-seca/papas-y-frituras
 Error HTTP 500 en abarrotes/snacks-y-fruta-seca/papas-y-frituras [0-49]

Categoría: abarrotes/snacks-y-fruta-seca/snacks
 Error HTTP 206 en abarrotes/snacks-y-fruta-seca/snacks [0-49]

Categoría: alimentos-congelados
 Error HTTP 206 en alimentos-congelados [0-49]

Categoría: alimentos-congelados/comida-facil
 Error HTTP 206 en alimentos-congelados/comida-facil [0-49]

Categoría: alimentos-congelados/comida-facil/comida-congelada
 Error HTTP 206 en alimentos-congelados/comida-facil/comida-congelada [0-49]

Categoría: alimentos-congelados/comida-facil/comida-infantil

Categoría: alimentos-congelados/comida-facil/papas-congeladas

Categoría: alimentos-congelados/comida-facil/pescados-y-mariscos

Categoría: alimentos-congelados/comida-facil/pollo-preparado

Categoría: alimentos-congelados/comida-facil/tacos-pizzas-y-pastas

Categoría: alimentos-congelados/frutas-y-verdura-congelada

Categoría: alimentos-congelados/frutas-y-verdura-congelada/frutas-congeladas

Categoría: alimentos-congelados/frutas-y-verdura-congelada/verduras-congeladas

Categoría: alimentos-congelados/hielo

Categoría: alimentos-congelados/hielo-empacado

Categoría: alimentos-congelados/hielo/hielo

Categoría: alimentos-congelados/postres-congelados
 Error HTTP 206 en alimentos-congelados/postres-congelados [0-49]

Categoría: alimentos-congelados/postres-congelados/barquillos-y-conos

Categoría: alimentos-congelados/postres-congelados/helados
 Error HTTP 206 en alimentos-congelados/postres-congelados/helados [0-49]

Categoría: alimentos-congelados/postres-congelados/hot-cakes-y-wafles

Categoría: alimentos-congelados/postres-congelados/pay-y-pasteles

Categoría: bebes-y-ninos/articulos-para-fiesta/envolturas-para-regalo

Categoría: bebes-y-ninos/articulos-para-fiesta/globos

Categoría: bebes-y-ninos/articulos-para-fiesta/invitaciones-y-tarjetas

Categoría: bebes-y-ninos/articulos-para-fiesta/velas-de-cumpleanos
 Error HTTP 500 en bebes-y-ninos/articulos-para-fiesta/velas-de-cumpleanos [0-49]

Categoría: bebes-y-ninos/comida-para-bebe-y-lactancia
 Error HTTP 206 en bebes-y-ninos/comida-para-bebe-y-lactancia [0-49]

Categoría: bebes-y-ninos/comida-para-bebe-y-lactancia/accesorios-de-lactancia
 Error HTTP 206 en bebes-y-ninos/comida-para-bebe-y-lactancia/accesorios-de-lactancia [0-49]

Categoría: bebes-y-ninos/comida-para-bebe-y-lactancia/biberones-y-tetinas
 Error HTTP 206 en bebes-y-ninos/comida-para-bebe-y-lactancia/biberones-y-tetinas [0-49]

Categoría: bebes-y-ninos/comida-para-bebe-y-lactancia/cereales-y-galletas-para-bebe

Categoría: bebes-y-ninos/comida-para-bebe-y-lactancia/colados-1ra-etapa

Categoría: bebes-y-ninos/comida-para-bebe-y-lactancia/colados-2da-etapa

Categoría: bebes-y-ninos/comida-para-bebe-y-lactancia/colados-3ra-etapa

Categoría: bebes-y-ninos/comida-para-bebe-y-lactancia/colados-4ta-etapa-y-junior

Categoría: bebes-y-ninos/comida-para-bebe-y-lactancia/formulas-lacteas
 Error HTTP 206 en bebes-y-ninos/comida-para-bebe-y-lactancia/formulas-lacteas [0-49]

Categoría: bebes-y-ninos/comida-para-bebe-y-lactancia/platos-vasos-y-cubiertos-para-ninos

Categoría: bebes-y-ninos/cunas-coches-y-accesorios
 Error HTTP 206 en bebes-y-ninos/cunas-coches-y-accesorios [0-49]

Categoría: bebes-y-ninos/cunas-coches-y-accesorios/accesorios-para-bebes

Categoría: bebes-y-ninos/cunas-coches-y-accesorios/coches-asientos-de-auto-y-canguros

Categoría: bebes-y-ninos/cunas-coches-y-accesorios/cunas-y-encierros

Categoría: bebes-y-ninos/higiene-del-bebe
 Error HTTP 206 en bebes-y-ninos/higiene-del-bebe [0-49]

Categoría: bebes-y-ninos/higiene-del-bebe/accesorios-para-bano-de-bebes

Categoría: bebes-y-ninos/higiene-del-bebe/crema-gel-y-locion-para-bebe

Categoría: bebes-y-ninos/higiene-del-bebe/shampoo-y-jabon-para-bebe
 Error HTTP 206 en bebes-y-ninos/higiene-del-bebe/shampoo-y-jabon-para-bebe [0-49]

Categoría: bebes-y-ninos/higiene-del-bebe/talco-y-aceite-para-bebe

Categoría: bebes-y-ninos/juguetes-para-bebe-y-estimulacion-temprana

Categoría: bebes-y-ninos/juguetes-para-bebe-y-estimulacion-temprana/juguetes-para-bebes

Categoría: bebes-y-ninos/juguetes-para-bebe-y-estimulacion-temprana/juguetes-preescolar

Categoría: bebes-y-ninos/panales-y-toallitas-humedas
 Error HTTP 206 en bebes-y-ninos/panales-y-toallitas-humedas [0-49]

Categoría: bebes-y-ninos/panales-y-toallitas-humedas/ecologicos-entrenadores-y-para-nadar

Categoría: bebes-y-ninos/panales-y-toallitas-humedas/panales---etapa-2

Categoría: bebes-y-ninos/panales-y-toallitas-humedas/panales---etapa-3

Categoría: bebes-y-ninos/panales-y-toallitas-humedas/panales---etapa-4

Categoría: bebes-y-ninos/panales-y-toallitas-humedas/panales---etapa-5

Categoría: bebes-y-ninos/panales-y-toallitas-humedas/panales---etapa-6

Categoría: bebes-y-ninos/panales-y-toallitas-humedas/panales---etapa-7

Categoría: bebes-y-ninos/panales-y-toallitas-humedas/panales-recien-nacido-y-etapa-1

Categoría: bebes-y-ninos/panales-y-toallitas-humedas/toallitas-humedas

Categoría: deportes
 Error HTTP 206 en deportes [0-49]

Categoría: deportes/album-copa-america

Categoría: deportes/articulos-deportivos
 Error HTTP 206 en deportes/articulos-deportivos [0-49]

Categoría: deportes/articulos-deportivos/accesorios-deportivos
 Error HTTP 500 en deportes/articulos-deportivos/accesorios-deportivos [0-49]

Categoría: deportes/articulos-deportivos/balones-y-entrenamiento

Categoría: deportes/articulos-deportivos/campismo
 Error HTTP 206 en deportes/articulos-deportivos/campismo [0-49]

Categoría: deportes/articulos-deportivos/entrenamiento-fisico
 Error HTTP 206 en deportes/articulos-deportivos/entrenamiento-fisico [0-49]

Categoría: deportes/articulos-deportivos/natacion
 Error HTTP 206 en deportes/articulos-deportivos/natacion [0-49]

Categoría: deportes/articulos-deportivos/tenis-squash-y-boxeo

Categoría: electronica
 Error HTTP 206 en electronica [0-49]

Categoría: electronica/audio
 Error HTTP 206 en electronica/audio [0-49]

Categoría: electronica/audio/accesorios-de-audio

Categoría: electronica/audio/audifonos
 Error HTTP 206 en electronica/audio/audifonos [0-49]

Categoría: electronica/audio/audio-para-vehiculos

Categoría: electronica/audio/barras-de-sonido-y-teatro-en-casa

Categoría: electronica/audio/sistemas-de-audio
 Error HTTP 206 en electronica/audio/sistemas-de-audio [0-49]

Categoría: electronica/celulares
 Error HTTP 206 en electronica/celulares [0-49]

Categoría: electronica/celulares/accesorios-para-celular
 Error HTTP 206 en electronica/celulares/accesorios-para-celular [0-49]

Categoría: electronica/celulares/smartphones-y-celulares
 Error HTTP 206 en electronica/celulares/smartphones-y-celulares [0-49]

Categoría: electronica/celulares/smartwatch-y-wearables

Categoría: electronica/computacion
 Error HTTP 206 en electronica/computacion [0-49]

Categoría: electronica/computacion/accesorios-de-computacion
 Error HTTP 206 en electronica/computacion/accesorios-de-computacion [0-49]

Categoría: electronica/computacion/impresoras-multifuncionales-y-scanners
 Error HTTP 206 en electronica/computacion/impresoras-multifuncionales-y-scanners [0-49]

Categoría: electronica/computacion/ipad-y-tablet

Categoría: electronica/computacion/laptops
 Error HTTP 206 en electronica/computacion/laptops [0-49]

Categoría: electronica/electrodomesticos
 Error HTTP 206 en electronica/electrodomesticos [0-49]

Categoría: electronica/electrodomesticos/aires-acondicionados-y-ventiladores

Categoría: electronica/electrodomesticos/aspiradoras

Categoría: electronica/electrodomesticos/cafeteras-y-jarras-electricas
 Error HTTP 206 en electronica/electrodomesticos/cafeteras-y-jarras-electricas [0-49]

Categoría: electronica/electrodomesticos/dispensadores-de-agua

Categoría: electronica/electrodomesticos/extractores-y-procesadores-de-alimentos

Categoría: electronica/electrodomesticos/freidoras-y-ollas-electricas
 Error HTTP 206 en electronica/electrodomesticos/freidoras-y-ollas-electricas [0-49]

Categoría: electronica/electrodomesticos/hornos-de-microondas-y-tostadores
 Error HTTP 206 en electronica/electrodomesticos/hornos-de-microondas-y-tostadores [0-49]

Categoría: electronica/electrodomesticos/licuadoras-y-batidoras
 Error HTTP 206 en electronica/electrodomesticos/licuadoras-y-batidoras [0-49]

Categoría: electronica/electrodomesticos/planchas-de-vapor

Categoría: electronica/electrodomesticos/sandwicheras-y-wafleras

Categoría: electronica/electrodomesticos/sartenes-electricos

Categoría: electronica/fotografia

Categoría: electronica/fotografia/camaras

Categoría: electronica/linea-blanca
 Error HTTP 206 en electronica/linea-blanca [0-49]

Categoría: electronica/linea-blanca/cocinas-y-hornos
 Error HTTP 206 en electronica/linea-blanca/cocinas-y-hornos [0-49]

Categoría: electronica/linea-blanca/lava-vajillas-extractores

Categoría: electronica/linea-blanca/lavadoras-y-secadoras
 Error HTTP 206 en electronica/linea-blanca/lavadoras-y-secadoras [0-49]

Categoría: electronica/linea-blanca/refrigeradores-y-congeladores
 Error HTTP 206 en electronica/linea-blanca/refrigeradores-y-congeladores [0-49]

Categoría: electronica/televisores
 Error HTTP 206 en electronica/televisores [0-49]

Categoría: electronica/televisores/accesorios-para-tv
 Error HTTP 206 en electronica/televisores/accesorios-para-tv [0-49]

Categoría: electronica/televisores/pantallas
 Error HTTP 206 en electronica/televisores/pantallas [0-49]

Categoría: electronica/televisores/peliculas

Categoría: electronica/televisores/reproductores-dvd-y-blu-ray

Categoría: electronica/videojuegos
 Error HTTP 206 en electronica/videojuegos [0-49]

Categoría: electronica/videojuegos/accesorios-para-nintendo

Categoría: electronica/videojuegos/accesorios-para-pc
 Error HTTP 206 en electronica/videojuegos/accesorios-para-pc [0-49]

Categoría: electronica/videojuegos/accesorios-para-playstation

Categoría: electronica/videojuegos/accesorios-para-xbox

Categoría: electronica/videojuegos/consolas-nintendo

Categoría: electronica/videojuegos/consolas-playstation

Categoría: electronica/videojuegos/juegos-para-nintendo

Categoría: electronica/videojuegos/juegos-para-playstation

Categoría: electronica/videojuegos/otros---videojuegos

Categoría: electronica/videojuegos/otros-juegos-y-accesorios

Categoría: electronica/videojuegos/teclados-y-mouse

Categoría: farmacia
 Error HTTP 206 en farmacia [0-49]

Categoría: farmacia/analgesicos
 Error HTTP 206 en farmacia/analgesicos [0-49]

Categoría: farmacia/analgesicos/dolor
 Error HTTP 206 en farmacia/analgesicos/dolor [0-49]

Categoría: farmacia/analgesicos/musculares-e-inflamacion
 Error HTTP 206 en farmacia/analgesicos/musculares-e-inflamacion [0-49]

Categoría: farmacia/antibiotico

Categoría: farmacia/anticonceptivos-hormonal-y-salud-sexual
 Error HTTP 206 en farmacia/anticonceptivos-hormonal-y-salud-sexual [0-49]

Categoría: farmacia/antimicotico

Categoría: farmacia/antiviral-gripe-y-tos
 Error HTTP 500 en farmacia/antiviral-gripe-y-tos [0-49]

Categoría: farmacia/asma-alergias-y-nasal
 Error HTTP 206 en farmacia/asma-alergias-y-nasal [0-49]

Categoría: farmacia/bienestar-equipo-medico-y-soluciones-hospitalarias
 Error HTTP 206 en farmacia/bienestar-equipo-medico-y-soluciones-hospitalarias [0-49]

Categoría: farmacia/bienestar-sexual
 Error HTTP 206 en farmacia/bienestar-sexual [0-49]

Categoría: farmacia/bienestar-sexual/condones
 Error HTTP 206 en farmacia/bienestar-sexual/condones [0-49]

Categoría: farmacia/bienestar-sexual/lubricantes
 Error HTTP 206 en farmacia/bienestar-sexual/lubricantes [0-49]

Categoría: farmacia/bienestar-sexual/pruebas-de-embarazo
 Error HTTP 206 en farmacia/bienestar-sexual/pruebas-de-embarazo [0-49]

Categoría: farmacia/bienestar-sexual/suplementos
 Error HTTP 206 en farmacia/bienestar-sexual/suplementos [0-49]

Categoría: farmacia/cardiovascular---hipertensivo
 Error HTTP 206 en farmacia/cardiovascular---hipertensivo [0-49]

Categoría: farmacia/colesterol-y-triglicerido
 Error HTTP 206 en farmacia/colesterol-y-triglicerido [0-49]

Categoría: farmacia/cuidado-de-los-pies

Categoría: farmacia/cuidado-de-los-pies/accesorios

Categoría: farmacia/cuidado-de-los-pies/accesorios-cuidado-de-pies

Categoría: farmacia/cuidado-de-los-pies/antimicoticos-pies

Categoría: farmacia/cuidado-de-los-pies/antimicoticos-unas

Categoría: farmacia/cuidado-de-los-pies/callos-ampollas-y-juanetes

Categoría: farmacia/cuidado-de-los-pies/talcos

Categoría: farmacia/cuidado-personal

Categoría: farmacia/cuidado-personal/aceites-y-cremas

Categoría: farmacia/cuidado-personal/antiacne-px

Categoría: farmacia/cuidado-personal/cuidado-bucal

Categoría: farmacia/cuidado-personal/cuidado-de-la-piel

Categoría: farmacia/cuidado-personal/dermocosmeticos

Categoría: farmacia/cuidado-personal/higiene-femenina

Categoría: farmacia/cuidado-personal/masajeadores

Categoría: farmacia/cuidado-personal/para-cuidado-bucal

Categoría: farmacia/dermatologia
 Error HTTP 206 en farmacia/dermatologia [0-49]

Categoría: farmacia/diabetes

Categoría: farmacia/diabetes-y-tiroides
 Error HTTP 206 en farmacia/diabetes-y-tiroides [0-49]

Categoría: farmacia/diabetes/equipos-y-accesorios

Categoría: farmacia/diabetes/tratamiento-diabetes

Categoría: farmacia/dolor-e-inflamacion
 Error HTTP 206 en farmacia/dolor-e-inflamacion [0-49]

Categoría: farmacia/embarazo---lactancia-infantil

Categoría: farmacia/equipo-medico

Categoría: farmacia/equipos-medicos

Categoría: farmacia/equipos-medicos/equipo-medico

Categoría: farmacia/estomacales
 Error HTTP 206 en farmacia/estomacales [0-49]

Categoría: farmacia/estomacales/antiacidos
 Error HTTP 206 en farmacia/estomacales/antiacidos [0-49]

Categoría: farmacia/estomacales/antidiarreicos
 Error HTTP 206 en farmacia/estomacales/antidiarreicos [0-49]

Categoría: farmacia/material-de-curacion

Categoría: farmacia/medicamentos-de-alta-especialidad

Categoría: farmacia/medicamentos-infantiles

Categoría: farmacia/medicamentos-infantiles/respiratorios

Categoría: farmacia/medicamentos-infantiles/vitamina-y-suplemento

Categoría: farmacia/multivitaminicos-suplementos---sistema-oseo
 Error HTTP 206 en farmacia/multivitaminicos-suplementos---sistema-oseo [0-49]

Categoría: farmacia/naturista-y-herbolarios

Categoría: farmacia/nutricion-deportiva

Categoría: farmacia/nutricion-deportiva/suplementos-deportivos

Categoría: farmacia/oftalmicos-y-oticos
 Error HTTP 500 en farmacia/oftalmicos-y-oticos [0-49]

Categoría: farmacia/oftalmicos-y-oticos/oidos
 Error HTTP 206 en farmacia/oftalmicos-y-oticos/oidos [0-49]

Categoría: farmacia/oftalmicos-y-oticos/soluciones-para-lentes
 Error HTTP 206 en farmacia/oftalmicos-y-oticos/soluciones-para-lentes [0-49]

Categoría: farmacia/otc
 Error HTTP 206 en farmacia/otc [0-49]

Categoría: farmacia/respiratorios
 Error HTTP 206 en farmacia/respiratorios [0-49]

Categoría: farmacia/respiratorios/alergias
 Error HTTP 206 en farmacia/respiratorios/alergias [0-49]

Categoría: farmacia/respiratorios/congestion-nasal
 Error HTTP 206 en farmacia/respiratorios/congestion-nasal [0-49]

Categoría: farmacia/respiratorios/garganta-irritada
 Error HTTP 206 en farmacia/respiratorios/garganta-irritada [0-49]

Categoría: farmacia/respiratorios/resfrios
===== INICIO 2025-07-09 14:45:49.079785 =====

Categoría: abarrotes
 Error HTTP 206 en abarrotes [0-49]

Categoría: abarrotes/aceites-de-cocina
 Error HTTP 206 en abarrotes/aceites-de-cocina [0-49]

Categoría: abarrotes/aceites-de-cocina/aceite-de-canola

Categoría: abarrotes/aceites-de-cocina/aceite-de-maiz

Categoría: abarrotes/aceites-de-cocina/aceite-de-oliva
 Error HTTP 206 en abarrotes/aceites-de-cocina/aceite-de-oliva [0-49]

Categoría: abarrotes/aceites-de-cocina/aceite-de-semillas-y-vegetal
 Error HTTP 206 en abarrotes/aceites-de-cocina/aceite-de-semillas-y-vegetal [0-49]

Categoría: abarrotes/aceites-de-cocina/aceite-spray

Categoría: abarrotes/aceites-de-cocina/manteca

Categoría: abarrotes/aceites-de-cocina/manteca-vegetal

Categoría: abarrotes/alimentos-instantaneos
 Error HTTP 206 en abarrotes/alimentos-instantaneos [0-49]

Categoría: abarrotes/alimentos-instantaneos/comida-rapida

Categoría: abarrotes/alimentos-instantaneos/cremas-instantaneas

Categoría: abarrotes/alimentos-instantaneos/pasta-y-sopa-instantanea
 Error HTTP 206 en abarrotes/alimentos-instantaneos/pasta-y-sopa-instantanea [0-49]

Categoría: abarrotes/alimentos-instantaneos/pure-instantaneo

Categoría: abarrotes/arroz-frijol-y-semillas
 Error HTTP 206 en abarrotes/arroz-frijol-y-semillas [0-49]

Categoría: abarrotes/arroz-frijol-y-semillas/arroz
 Error HTTP 206 en abarrotes/arroz-frijol-y-semillas/arroz [0-49]

Categoría: abarrotes/arroz-frijol-y-semillas/frijol

Categoría: abarrotes/arroz-frijol-y-semillas/leguminosas

Categoría: abarrotes/arroz-frijol-y-semillas/semillas

Categoría: abarrotes/azucar-y-postres
 Error HTTP 206 en abarrotes/azucar-y-postres [0-49]

Categoría: abarrotes/azucar-y-postres/azucar

Categoría: abarrotes/azucar-y-postres/gelatinas-de-leche-en-polvo

Categoría: abarrotes/azucar-y-postres/gelatinas-y-flan
 Error HTTP 206 en abarrotes/azucar-y-postres/gelatinas-y-flan [0-49]

Categoría: abarrotes/azucar-y-postres/sustituto-de-azucar

Categoría: abarrotes/cafe-te-y-sustitutos
 Error HTTP 206 en abarrotes/cafe-te-y-sustitutos [0-49]

Categoría: abarrotes/cafe-te-y-sustitutos/cafe-en-grano

Categoría: abarrotes/cafe-te-y-sustitutos/cafe-listo-para-beber

Categoría: abarrotes/cafe-te-y-sustitutos/cafe-molido
 Error HTTP 206 en abarrotes/cafe-te-y-sustitutos/cafe-molido [0-49]

Categoría: abarrotes/cafe-te-y-sustitutos/capsulas-de-cafe

Categoría: abarrotes/cafe-te-y-sustitutos/crema-para-cafe

Categoría: abarrotes/cafe-te-y-sustitutos/filtros-para-cafe

Categoría: abarrotes/cafe-te-y-sustitutos/te-medicinales
 Error HTTP 206 en abarrotes/cafe-te-y-sustitutos/te-medicinales [0-49]

Categoría: abarrotes/cereales-y-barras
 Error HTTP 206 en abarrotes/cereales-y-barras [0-49]

Categoría: abarrotes/cereales-y-barras/avena-y-granola
 Error HTTP 206 en abarrotes/cereales-y-barras/avena-y-granola [0-49]

Categoría: abarrotes/cereales-y-barras/barras-de-cereal
 Error HTTP 206 en abarrotes/cereales-y-barras/barras-de-cereal [0-49]

Categoría: abarrotes/cereales-y-barras/cereal-dulce
 Error HTTP 206 en abarrotes/cereales-y-barras/cereal-dulce [0-49]

Categoría: abarrotes/cereales-y-barras/de-fibra-y-light
 Error HTTP 206 en abarrotes/cereales-y-barras/de-fibra-y-light [0-49]

Categoría: abarrotes/dulces-y-chocolates
 Error HTTP 206 en abarrotes/dulces-y-chocolates [0-49]

Categoría: abarrotes/dulces-y-chocolates/bombones

Categoría: abarrotes/dulces-y-chocolates/caramelos
 Error HTTP 206 en abarrotes/dulces-y-chocolates/caramelos [0-49]

Categoría: abarrotes/dulces-y-chocolates/chicles
 Error HTTP 206 en abarrotes/dulces-y-chocolates/chicles [0-49]

Categoría: abarrotes/dulces-y-chocolates/chocolates
 Error HTTP 206 en abarrotes/dulces-y-chocolates/chocolates [0-49]

Categoría: abarrotes/dulces-y-chocolates/gomitas
 Error HTTP 500 en abarrotes/dulces-y-chocolates/gomitas [0-49]

Categoría: abarrotes/dulces-y-chocolates/sin-azucar

Categoría: abarrotes/enlatados-y-conservas
 Error HTTP 206 en abarrotes/enlatados-y-conservas [0-49]

Categoría: abarrotes/enlatados-y-conservas/aceitunas

Categoría: abarrotes/enlatados-y-conservas/atun-y-pescado
 Error HTTP 206 en abarrotes/enlatados-y-conservas/atun-y-pescado [0-49]

Categoría: abarrotes/enlatados-y-conservas/carnes-enlatadas

Categoría: abarrotes/enlatados-y-conservas/frijoles-instantaneos
 Error HTTP 206 en abarrotes/enlatados-y-conservas/frijoles-instantaneos [0-49]

Categoría: abarrotes/enlatados-y-conservas/frutas-en-almibar

Categoría: abarrotes/enlatados-y-conservas/mariscos-enlatados

Categoría: abarrotes/enlatados-y-conservas/sopas-y-cremas

Categoría: abarrotes/enlatados-y-conservas/vegetales-enlatados
 Error HTTP 206 en abarrotes/enlatados-y-conservas/vegetales-enlatados [0-49]

Categoría: abarrotes/especiales-y-sazonadores

Categoría: abarrotes/especiales-y-sazonadores/consomes

Categoría: abarrotes/especiales-y-sazonadores/especias

Categoría: abarrotes/especiales-y-sazonadores/sal-y-condimentos

Categoría: abarrotes/especiales-y-sazonadores/sazonadores

Categoría: abarrotes/especias-y-sazonadores
 Error HTTP 206 en abarrotes/especias-y-sazonadores [0-49]

Categoría: abarrotes/especias-y-sazonadores/consomes

Categoría: abarrotes/especias-y-sazonadores/especias
 Error HTTP 206 en abarrotes/especias-y-sazonadores/especias [0-49]

Categoría: abarrotes/especias-y-sazonadores/sal-y-condimentos
 Error HTTP 206 en abarrotes/especias-y-sazonadores/sal-y-condimentos [0-49]

Categoría: abarrotes/especias-y-sazonadores/sazonadores
 Error HTTP 206 en abarrotes/especias-y-sazonadores/sazonadores [0-49]

Categoría: abarrotes/galletas
 Error HTTP 206 en abarrotes/galletas [0-49]

Categoría: abarrotes/galletas/galletas
 Error HTTP 206 en abarrotes/galletas/galletas [0-49]

Categoría: abarrotes/galletas/galletas-de-avena-y-cereal

Categoría: abarrotes/galletas/galletas-dulces
 Error HTTP 206 en abarrotes/galletas/galletas-dulces [0-49]

Categoría: abarrotes/galletas/galletas-integrales
 Error HTTP 206 en abarrotes/galletas/galletas-integrales [0-49]

Categoría: abarrotes/galletas/galletas-saladas
 Error HTTP 206 en abarrotes/galletas/galletas-saladas [0-49]

Categoría: abarrotes/harinas-y-reposteria
 Error HTTP 206 en abarrotes/harinas-y-reposteria [0-49]

Categoría: abarrotes/harinas-y-reposteria/chocolates-para-reposteria

Categoría: abarrotes/harinas-y-reposteria/de-arroz

Categoría: abarrotes/harinas-y-reposteria/harina-de-trigo-y-maiz
 Error HTTP 206 en abarrotes/harinas-y-reposteria/harina-de-trigo-y-maiz [0-49]

Categoría: abarrotes/harinas-y-reposteria/para-hot-cakes

Categoría: abarrotes/harinas-y-reposteria/reposteria
 Error HTTP 206 en abarrotes/harinas-y-reposteria/reposteria [0-49]

Categoría: abarrotes/harinas-y-reposteria/saborizantes-artificiales

Categoría: abarrotes/leche

Categoría: abarrotes/leche/condensada

Categoría: abarrotes/leche/en-polvo

Categoría: abarrotes/leche/evaporada

Categoría: abarrotes/leche/leche-deslactosada

Categoría: abarrotes/leche/leche-entera

Categoría: abarrotes/leche/leche-especializada

Categoría: abarrotes/leche/leche-light

Categoría: abarrotes/leche/leche-saborizada

Categoría: abarrotes/leche/leche-semi-y-descremada

Categoría: abarrotes/mermeladas-y-miel
 Error HTTP 206 en abarrotes/mermeladas-y-miel [0-49]

Categoría: abarrotes/mermeladas-y-miel/cajeta-y-dulce-de-leche

Categoría: abarrotes/mermeladas-y-miel/crema-de-avellana-y-mantequilla-de-mani

Categoría: abarrotes/mermeladas-y-miel/mermelada
 Error HTTP 206 en abarrotes/mermeladas-y-miel/mermelada [0-49]

Categoría: abarrotes/mermeladas-y-miel/miel

Categoría: abarrotes/mermeladas-y-miel/otras-mieles

Categoría: abarrotes/pastas
 Error HTTP 206 en abarrotes/pastas [0-49]

Categoría: abarrotes/pastas/fetuccini

Categoría: abarrotes/pastas/fusilli
 Error HTTP 206 en abarrotes/pastas/fusilli [0-49]

Categoría: abarrotes/pastas/pasta-especial
 Error HTTP 206 en abarrotes/pastas/pasta-especial [0-49]

Categoría: abarrotes/pastas/pasta-precocida

Categoría: abarrotes/pastas/salsa-para-pasta-y-pizza
 Error HTTP 206 en abarrotes/pastas/salsa-para-pasta-y-pizza [0-49]

Categoría: abarrotes/pastas/spaghetti

Categoría: abarrotes/productos-vegetales-y-veganos

Categoría: abarrotes/productos-vegetales-y-veganos/alimentos-veganos

Categoría: abarrotes/salsa-aderezos-y-vinagre
 Error HTTP 206 en abarrotes/salsa-aderezos-y-vinagre [0-49]

Categoría: abarrotes/salsa-aderezos-y-vinagre/aderezos-y-vinagretas
 Error HTTP 206 en abarrotes/salsa-aderezos-y-vinagre/aderezos-y-vinagretas [0-49]

Categoría: abarrotes/salsa-aderezos-y-vinagre/catsup-y-mostaza
 Error HTTP 206 en abarrotes/salsa-aderezos-y-vinagre/catsup-y-mostaza [0-49]

Categoría: abarrotes/salsa-aderezos-y-vinagre/mayonesa
 Error HTTP 206 en abarrotes/salsa-aderezos-y-vinagre/mayonesa [0-49]

Categoría: abarrotes/salsa-aderezos-y-vinagre/salsa-de-soya-y-teriyaki

Categoría: abarrotes/salsa-aderezos-y-vinagre/salsa-picante
 Error HTTP 206 en abarrotes/salsa-aderezos-y-vinagre/salsa-picante [0-49]

Categoría: abarrotes/salsa-aderezos-y-vinagre/salsas-caseras

Categoría: abarrotes/salsa-aderezos-y-vinagre/salsas-para-sazonar

Categoría: abarrotes/salsa-aderezos-y-vinagre/vinagre

Categoría: abarrotes/snacks-y-fruta-seca
 Error HTTP 206 en abarrotes/snacks-y-fruta-seca [0-49]

Categoría: abarrotes/snacks-y-fruta-seca/chicharrones

Categoría: abarrotes/snacks-y-fruta-seca/dip

Categoría: abarrotes/snacks-y-fruta-seca/frutas-secas

Categoría: abarrotes/snacks-y-fruta-seca/mani-y-otras-semillas
 Error HTTP 206 en abarrotes/snacks-y-fruta-seca/mani-y-otras-semillas [0-49]

Categoría: abarrotes/snacks-y-fruta-seca/mix-de-semillas

Categoría: abarrotes/snacks-y-fruta-seca/nueces-y-almendras
 Error HTTP 206 en abarrotes/snacks-y-fruta-seca/nueces-y-almendras [0-49]

Categoría: abarrotes/snacks-y-fruta-seca/palomitas

Categoría: abarrotes/snacks-y-fruta-seca/papas-y-frituras
 Error HTTP 206 en abarrotes/snacks-y-fruta-seca/papas-y-frituras [0-49]

Categoría: abarrotes/snacks-y-fruta-seca/snacks
 Error HTTP 206 en abarrotes/snacks-y-fruta-seca/snacks [0-49]

Categoría: alimentos-congelados
 Error HTTP 206 en alimentos-congelados [0-49]

Categoría: alimentos-congelados/comida-facil
 Error HTTP 206 en alimentos-congelados/comida-facil [0-49]

Categoría: alimentos-congelados/comida-facil/comida-congelada
 Error HTTP 206 en alimentos-congelados/comida-facil/comida-congelada [0-49]

Categoría: alimentos-congelados/comida-facil/comida-infantil

Categoría: alimentos-congelados/comida-facil/papas-congeladas

Categoría: alimentos-congelados/comida-facil/pescados-y-mariscos

Categoría: alimentos-congelados/comida-facil/pollo-preparado

Categoría: alimentos-congelados/comida-facil/tacos-pizzas-y-pastas

Categoría: alimentos-congelados/frutas-y-verdura-congelada

Categoría: alimentos-congelados/frutas-y-verdura-congelada/frutas-congeladas

Categoría: alimentos-congelados/frutas-y-verdura-congelada/verduras-congeladas

Categoría: alimentos-congelados/hielo

Categoría: alimentos-congelados/hielo-empacado

Categoría: alimentos-congelados/hielo/hielo

Categoría: alimentos-congelados/postres-congelados
 Error HTTP 206 en alimentos-congelados/postres-congelados [0-49]

Categoría: alimentos-congelados/postres-congelados/barquillos-y-conos

Categoría: alimentos-congelados/postres-congelados/helados
 Error HTTP 206 en alimentos-congelados/postres-congelados/helados [0-49]

Categoría: alimentos-congelados/postres-congelados/hot-cakes-y-wafles

Categoría: alimentos-congelados/postres-congelados/pay-y-pasteles

Categoría: bebes-y-ninos/articulos-para-fiesta/envolturas-para-regalo

Categoría: bebes-y-ninos/articulos-para-fiesta/globos

Categoría: bebes-y-ninos/articulos-para-fiesta/invitaciones-y-tarjetas

Categoría: bebes-y-ninos/articulos-para-fiesta/velas-de-cumpleanos

Categoría: bebes-y-ninos/comida-para-bebe-y-lactancia
 Error HTTP 206 en bebes-y-ninos/comida-para-bebe-y-lactancia [0-49]

Categoría: bebes-y-ninos/comida-para-bebe-y-lactancia/accesorios-de-lactancia
 Error HTTP 206 en bebes-y-ninos/comida-para-bebe-y-lactancia/accesorios-de-lactancia [0-49]

Categoría: bebes-y-ninos/comida-para-bebe-y-lactancia/biberones-y-tetinas
 Error HTTP 206 en bebes-y-ninos/comida-para-bebe-y-lactancia/biberones-y-tetinas [0-49]

Categoría: bebes-y-ninos/comida-para-bebe-y-lactancia/cereales-y-galletas-para-bebe

Categoría: bebes-y-ninos/comida-para-bebe-y-lactancia/colados-1ra-etapa

Categoría: bebes-y-ninos/comida-para-bebe-y-lactancia/colados-2da-etapa

Categoría: bebes-y-ninos/comida-para-bebe-y-lactancia/colados-3ra-etapa

Categoría: bebes-y-ninos/comida-para-bebe-y-lactancia/colados-4ta-etapa-y-junior

Categoría: bebes-y-ninos/comida-para-bebe-y-lactancia/formulas-lacteas
 Error HTTP 206 en bebes-y-ninos/comida-para-bebe-y-lactancia/formulas-lacteas [0-49]

Categoría: bebes-y-ninos/comida-para-bebe-y-lactancia/platos-vasos-y-cubiertos-para-ninos

Categoría: bebes-y-ninos/cunas-coches-y-accesorios
 Error HTTP 206 en bebes-y-ninos/cunas-coches-y-accesorios [0-49]

Categoría: bebes-y-ninos/cunas-coches-y-accesorios/accesorios-para-bebes

Categoría: bebes-y-ninos/cunas-coches-y-accesorios/coches-asientos-de-auto-y-canguros

Categoría: bebes-y-ninos/cunas-coches-y-accesorios/cunas-y-encierros

Categoría: bebes-y-ninos/higiene-del-bebe
 Error HTTP 206 en bebes-y-ninos/higiene-del-bebe [0-49]

Categoría: bebes-y-ninos/higiene-del-bebe/accesorios-para-bano-de-bebes

Categoría: bebes-y-ninos/higiene-del-bebe/crema-gel-y-locion-para-bebe

Categoría: bebes-y-ninos/higiene-del-bebe/shampoo-y-jabon-para-bebe
 Error HTTP 206 en bebes-y-ninos/higiene-del-bebe/shampoo-y-jabon-para-bebe [0-49]

Categoría: bebes-y-ninos/higiene-del-bebe/talco-y-aceite-para-bebe

Categoría: bebes-y-ninos/juguetes-para-bebe-y-estimulacion-temprana

Categoría: bebes-y-ninos/juguetes-para-bebe-y-estimulacion-temprana/juguetes-para-bebes

Categoría: bebes-y-ninos/juguetes-para-bebe-y-estimulacion-temprana/juguetes-preescolar

Categoría: bebes-y-ninos/panales-y-toallitas-humedas
 Error HTTP 206 en bebes-y-ninos/panales-y-toallitas-humedas [0-49]

Categoría: bebes-y-ninos/panales-y-toallitas-humedas/ecologicos-entrenadores-y-para-nadar

Categoría: bebes-y-ninos/panales-y-toallitas-humedas/panales---etapa-2

Categoría: bebes-y-ninos/panales-y-toallitas-humedas/panales---etapa-3

Categoría: bebes-y-ninos/panales-y-toallitas-humedas/panales---etapa-4

Categoría: bebes-y-ninos/panales-y-toallitas-humedas/panales---etapa-5

Categoría: bebes-y-ninos/panales-y-toallitas-humedas/panales---etapa-6

Categoría: bebes-y-ninos/panales-y-toallitas-humedas/panales---etapa-7

Categoría: bebes-y-ninos/panales-y-toallitas-humedas/panales-recien-nacido-y-etapa-1

Categoría: bebes-y-ninos/panales-y-toallitas-humedas/toallitas-humedas

Categoría: deportes
 Error HTTP 206 en deportes [0-49]

Categoría: deportes/album-copa-america

Categoría: deportes/articulos-deportivos
 Error HTTP 206 en deportes/articulos-deportivos [0-49]

Categoría: deportes/articulos-deportivos/accesorios-deportivos
 Error HTTP 206 en deportes/articulos-deportivos/accesorios-deportivos [0-49]

Categoría: deportes/articulos-deportivos/balones-y-entrenamiento

Categoría: deportes/articulos-deportivos/campismo
 Error HTTP 206 en deportes/articulos-deportivos/campismo [0-49]

Categoría: deportes/articulos-deportivos/entrenamiento-fisico
 Error HTTP 206 en deportes/articulos-deportivos/entrenamiento-fisico [0-49]

Categoría: deportes/articulos-deportivos/natacion
 Error HTTP 206 en deportes/articulos-deportivos/natacion [0-49]

Categoría: deportes/articulos-deportivos/tenis-squash-y-boxeo

Categoría: electronica
 Error HTTP 206 en electronica [0-49]

Categoría: electronica/audio
 Error HTTP 206 en electronica/audio [0-49]

Categoría: electronica/audio/accesorios-de-audio

Categoría: electronica/audio/audifonos
 Error HTTP 206 en electronica/audio/audifonos [0-49]

Categoría: electronica/audio/audio-para-vehiculos

Categoría: electronica/audio/barras-de-sonido-y-teatro-en-casa

Categoría: electronica/audio/sistemas-de-audio
 Error HTTP 206 en electronica/audio/sistemas-de-audio [0-49]

Categoría: electronica/celulares
 Error HTTP 206 en electronica/celulares [0-49]

Categoría: electronica/celulares/accesorios-para-celular
 Error HTTP 206 en electronica/celulares/accesorios-para-celular [0-49]

Categoría: electronica/celulares/smartphones-y-celulares
 Error HTTP 206 en electronica/celulares/smartphones-y-celulares [0-49]

Categoría: electronica/celulares/smartwatch-y-wearables

Categoría: electronica/computacion
 Error HTTP 206 en electronica/computacion [0-49]

Categoría: electronica/computacion/accesorios-de-computacion
 Error HTTP 206 en electronica/computacion/accesorios-de-computacion [0-49]

Categoría: electronica/computacion/impresoras-multifuncionales-y-scanners
 Error HTTP 206 en electronica/computacion/impresoras-multifuncionales-y-scanners [0-49]

Categoría: electronica/computacion/ipad-y-tablet

Categoría: electronica/computacion/laptops
 Error HTTP 206 en electronica/computacion/laptops [0-49]

Categoría: electronica/electrodomesticos
 Error HTTP 206 en electronica/electrodomesticos [0-49]

Categoría: electronica/electrodomesticos/aires-acondicionados-y-ventiladores

Categoría: electronica/electrodomesticos/aspiradoras

Categoría: electronica/electrodomesticos/cafeteras-y-jarras-electricas
 Error HTTP 206 en electronica/electrodomesticos/cafeteras-y-jarras-electricas [0-49]

Categoría: electronica/electrodomesticos/dispensadores-de-agua

Categoría: electronica/electrodomesticos/extractores-y-procesadores-de-alimentos

Categoría: electronica/electrodomesticos/freidoras-y-ollas-electricas
 Error HTTP 206 en electronica/electrodomesticos/freidoras-y-ollas-electricas [0-49]

Categoría: electronica/electrodomesticos/hornos-de-microondas-y-tostadores
 Error HTTP 206 en electronica/electrodomesticos/hornos-de-microondas-y-tostadores [0-49]

Categoría: electronica/electrodomesticos/licuadoras-y-batidoras
 Error HTTP 206 en electronica/electrodomesticos/licuadoras-y-batidoras [0-49]

Categoría: electronica/electrodomesticos/planchas-de-vapor

Categoría: electronica/electrodomesticos/sandwicheras-y-wafleras

Categoría: electronica/electrodomesticos/sartenes-electricos

Categoría: electronica/fotografia

Categoría: electronica/fotografia/camaras

Categoría: electronica/linea-blanca
 Error HTTP 206 en electronica/linea-blanca [0-49]

Categoría: electronica/linea-blanca/cocinas-y-hornos
 Error HTTP 206 en electronica/linea-blanca/cocinas-y-hornos [0-49]

Categoría: electronica/linea-blanca/lava-vajillas-extractores

Categoría: electronica/linea-blanca/lavadoras-y-secadoras
 Error HTTP 206 en electronica/linea-blanca/lavadoras-y-secadoras [0-49]

Categoría: electronica/linea-blanca/refrigeradores-y-congeladores
 Error HTTP 206 en electronica/linea-blanca/refrigeradores-y-congeladores [0-49]

Categoría: electronica/televisores
 Error HTTP 206 en electronica/televisores [0-49]

Categoría: electronica/televisores/accesorios-para-tv
 Error HTTP 206 en electronica/televisores/accesorios-para-tv [0-49]

Categoría: electronica/televisores/pantallas
 Error HTTP 206 en electronica/televisores/pantallas [0-49]

Categoría: electronica/televisores/peliculas

Categoría: electronica/televisores/reproductores-dvd-y-blu-ray

Categoría: electronica/videojuegos
 Error HTTP 206 en electronica/videojuegos [0-49]

Categoría: electronica/videojuegos/accesorios-para-nintendo

Categoría: electronica/videojuegos/accesorios-para-pc
 Error HTTP 206 en electronica/videojuegos/accesorios-para-pc [0-49]

Categoría: electronica/videojuegos/accesorios-para-playstation

Categoría: electronica/videojuegos/accesorios-para-xbox

Categoría: electronica/videojuegos/consolas-nintendo

Categoría: electronica/videojuegos/consolas-playstation

Categoría: electronica/videojuegos/juegos-para-nintendo

Categoría: electronica/videojuegos/juegos-para-playstation

Categoría: electronica/videojuegos/otros---videojuegos

Categoría: electronica/videojuegos/otros-juegos-y-accesorios

Categoría: electronica/videojuegos/teclados-y-mouse

Categoría: farmacia
 Error HTTP 206 en farmacia [0-49]

Categoría: farmacia/analgesicos
 Error HTTP 206 en farmacia/analgesicos [0-49]

Categoría: farmacia/analgesicos/dolor
 Error HTTP 206 en farmacia/analgesicos/dolor [0-49]

Categoría: farmacia/analgesicos/musculares-e-inflamacion
 Error HTTP 206 en farmacia/analgesicos/musculares-e-inflamacion [0-49]

Categoría: farmacia/antibiotico

Categoría: farmacia/anticonceptivos-hormonal-y-salud-sexual
 Error HTTP 206 en farmacia/anticonceptivos-hormonal-y-salud-sexual [0-49]

Categoría: farmacia/antimicotico

Categoría: farmacia/antiviral-gripe-y-tos
 Error HTTP 206 en farmacia/antiviral-gripe-y-tos [0-49]

Categoría: farmacia/asma-alergias-y-nasal
 Error HTTP 206 en farmacia/asma-alergias-y-nasal [0-49]

Categoría: farmacia/bienestar-equipo-medico-y-soluciones-hospitalarias
 Error HTTP 206 en farmacia/bienestar-equipo-medico-y-soluciones-hospitalarias [0-49]

Categoría: farmacia/bienestar-sexual
 Error HTTP 206 en farmacia/bienestar-sexual [0-49]

Categoría: farmacia/bienestar-sexual/condones
 Error HTTP 206 en farmacia/bienestar-sexual/condones [0-49]

Categoría: farmacia/bienestar-sexual/lubricantes
 Error HTTP 206 en farmacia/bienestar-sexual/lubricantes [0-49]

Categoría: farmacia/bienestar-sexual/pruebas-de-embarazo
 Error HTTP 206 en farmacia/bienestar-sexual/pruebas-de-embarazo [0-49]

Categoría: farmacia/bienestar-sexual/suplementos
 Error HTTP 206 en farmacia/bienestar-sexual/suplementos [0-49]

Categoría: farmacia/cardiovascular---hipertensivo
 Error HTTP 206 en farmacia/cardiovascular---hipertensivo [0-49]

Categoría: farmacia/colesterol-y-triglicerido
 Error HTTP 206 en farmacia/colesterol-y-triglicerido [0-49]

Categoría: farmacia/cuidado-de-los-pies

Categoría: farmacia/cuidado-de-los-pies/accesorios

Categoría: farmacia/cuidado-de-los-pies/accesorios-cuidado-de-pies

Categoría: farmacia/cuidado-de-los-pies/antimicoticos-pies

Categoría: farmacia/cuidado-de-los-pies/antimicoticos-unas

Categoría: farmacia/cuidado-de-los-pies/callos-ampollas-y-juanetes

Categoría: farmacia/cuidado-de-los-pies/talcos

Categoría: farmacia/cuidado-personal

Categoría: farmacia/cuidado-personal/aceites-y-cremas

Categoría: farmacia/cuidado-personal/antiacne-px

Categoría: farmacia/cuidado-personal/cuidado-bucal

Categoría: farmacia/cuidado-personal/cuidado-de-la-piel

Categoría: farmacia/cuidado-personal/dermocosmeticos

Categoría: farmacia/cuidado-personal/higiene-femenina

Categoría: farmacia/cuidado-personal/masajeadores

Categoría: farmacia/cuidado-personal/para-cuidado-bucal

Categoría: farmacia/dermatologia
 Error HTTP 206 en farmacia/dermatologia [0-49]

Categoría: farmacia/diabetes

Categoría: farmacia/diabetes-y-tiroides
 Error HTTP 206 en farmacia/diabetes-y-tiroides [0-49]

Categoría: farmacia/diabetes/equipos-y-accesorios

Categoría: farmacia/diabetes/tratamiento-diabetes

Categoría: farmacia/dolor-e-inflamacion
 Error HTTP 206 en farmacia/dolor-e-inflamacion [0-49]

Categoría: farmacia/embarazo---lactancia-infantil

Categoría: farmacia/equipo-medico

Categoría: farmacia/equipos-medicos

Categoría: farmacia/equipos-medicos/equipo-medico

Categoría: farmacia/estomacales
 Error HTTP 206 en farmacia/estomacales [0-49]

Categoría: farmacia/estomacales/antiacidos
 Error HTTP 206 en farmacia/estomacales/antiacidos [0-49]

Categoría: farmacia/estomacales/antidiarreicos
 Error HTTP 206 en farmacia/estomacales/antidiarreicos [0-49]

Categoría: farmacia/material-de-curacion

Categoría: farmacia/medicamentos-de-alta-especialidad

Categoría: farmacia/medicamentos-infantiles

Categoría: farmacia/medicamentos-infantiles/respiratorios

Categoría: farmacia/medicamentos-infantiles/vitamina-y-suplemento

Categoría: farmacia/multivitaminicos-suplementos---sistema-oseo
 Error HTTP 206 en farmacia/multivitaminicos-suplementos---sistema-oseo [0-49]

Categoría: farmacia/naturista-y-herbolarios

Categoría: farmacia/nutricion-deportiva

Categoría: farmacia/nutricion-deportiva/suplementos-deportivos

Categoría: farmacia/oftalmicos-y-oticos
 Error HTTP 206 en farmacia/oftalmicos-y-oticos [0-49]

Categoría: farmacia/oftalmicos-y-oticos/oidos
 Error HTTP 206 en farmacia/oftalmicos-y-oticos/oidos [0-49]

Categoría: farmacia/oftalmicos-y-oticos/soluciones-para-lentes
 Error HTTP 206 en farmacia/oftalmicos-y-oticos/soluciones-para-lentes [0-49]

Categoría: farmacia/otc
 Error HTTP 206 en farmacia/otc [0-49]

Categoría: farmacia/respiratorios
 Error HTTP 206 en farmacia/respiratorios [0-49]

Categoría: farmacia/respiratorios/alergias
 Error HTTP 206 en farmacia/respiratorios/alergias [0-49]

Categoría: farmacia/respiratorios/congestion-nasal
 Error HTTP 206 en farmacia/respiratorios/congestion-nasal [0-49]

Categoría: farmacia/respiratorios/garganta-irritada
 Error HTTP 206 en farmacia/respiratorios/garganta-irritada [0-49]

Categoría: farmacia/respiratorios/resfrios
 Error HTTP 206 en farmacia/respiratorios/resfrios [0-49]

Categoría: farmacia/respiratorios/tos
 Error HTTP 206 en farmacia/respiratorios/tos [0-49]

Categoría: farmacia/salud-bucal-oftalmologico---oido

Categoría: farmacia/sistema-digestivo-y-antiparasitarios
 Error HTTP 206 en farmacia/sistema-digestivo-y-antiparasitarios [0-49]

Categoría: farmacia/sistema-nervioso
 Error HTTP 206 en farmacia/sistema-nervioso [0-49]

Categoría: farmacia/sistema-urinario

Categoría: farmacia/vacunas

Categoría: farmacia/vitaminas-y-suplementos

Categoría: farmacia/vitaminas-y-suplementos/calcio---embarazo

Categoría: farmacia/vitaminas-y-suplementos/multivitaminicos

Categoría: farmacia/vitaminas-y-suplementos/preventivos

Categoría: farmacia/vitaminas-y-suplementos/suplementos-nutricionales

Categoría: farmacia/vitaminas-y-suplementos/vitaminas

Categoría: frutas-y-verduras
 Error HTTP 206 en frutas-y-verduras [0-49]

Categoría: frutas-y-verduras/frutas
 Error HTTP 206 en frutas-y-verduras/frutas [0-49]

Categoría: frutas-y-verduras/frutas/bananos-papayas-y-tropicales

Categoría: frutas-y-verduras/frutas/fresa-frambuesa-y-moras
 Error HTTP 500 en frutas-y-verduras/frutas/fresa-frambuesa-y-moras [0-49]

Categoría: frutas-y-verduras/frutas/frutas-de-temporada-y-exoticas

Categoría: frutas-y-verduras/frutas/manzanas-y-peras

Categoría: frutas-y-verduras/frutas/naranja-limon-y-citricos

Categoría: frutas-y-verduras/frutas/uvas-duraznos-y-ciruelas

Categoría: frutas-y-verduras/organicos

Categoría: frutas-y-verduras/organicos/verduras

Categoría: frutas-y-verduras/verduras
 Error HTTP 206 en frutas-y-verduras/verduras [0-49]

Categoría: frutas-y-verduras/verduras/calabazas-y-similares

Categoría: frutas-y-verduras/verduras/cebollas-papas-y-verduras-de-raiz
 Error HTTP 206 en frutas-y-verduras/verduras/cebollas-papas-y-verduras-de-raiz [0-49]

Categoría: frutas-y-verduras/verduras/chiles-ajos-y-pimientos

Categoría: frutas-y-verduras/verduras/ensaladas-y-empacados

Categoría: frutas-y-verduras/verduras/hongos-brocolis-y-esparragos

Categoría: frutas-y-verduras/verduras/lechugas-espinacas-y-hojas-verdes

Categoría: frutas-y-verduras/verduras/tomates-aguacates-y-basicos

Categoría: juguetes
 Error HTTP 206 en juguetes [0-49]

Categoría: juguetes/jugueteria
 Error HTTP 206 en juguetes/jugueteria [0-49]

Categoría: juguetes/jugueteria/bicicletas-patines-y-scooters
 Error HTTP 206 en juguetes/jugueteria/bicicletas-patines-y-scooters [0-49]

Categoría: juguetes/jugueteria/juegos-de-ciencia-y-creatividad
 Error HTTP 206 en juguetes/jugueteria/juegos-de-ciencia-y-creatividad [0-49]

Categoría: juguetes/jugueteria/juegos-de-mesa
 Error HTTP 206 en juguetes/jugueteria/juegos-de-mesa [0-49]

Categoría: juguetes/jugueteria/juegos-tradicionales

Categoría: juguetes/jugueteria/juguetes-de-agua-y-exterior
 Error HTTP 206 en juguetes/jugueteria/juguetes-de-agua-y-exterior [0-49]

Categoría: juguetes/jugueteria/juguetes-de-construccion
 Error HTTP 206 en juguetes/jugueteria/juguetes-de-construccion [0-49]

Categoría: juguetes/jugueteria/juguetes-para-ninas
 Error HTTP 206 en juguetes/jugueteria/juguetes-para-ninas [0-49]

Categoría: juguetes/jugueteria/juguetes-para-ninos
 Error HTTP 206 en juguetes/jugueteria/juguetes-para-ninos [0-49]

Categoría: juguetes/jugueteria/peluches
 Error HTTP 206 en juguetes/jugueteria/peluches [0-49]

Categoría: lacteos
 Error HTTP 206 en lacteos [0-49]

Categoría: lacteos/crema-o-natilla

Categoría: lacteos/crema-o-natilla/regular

Categoría: lacteos/gelatinas-y-postres

Categoría: lacteos/gelatinas-y-postres/gelatinas

Categoría: lacteos/gelatinas-y-postres/postres

Categoría: lacteos/huevo

Categoría: lacteos/huevo/blanco

Categoría: lacteos/huevo/marron

Categoría: lacteos/huevo/pastoreo-y-especializado

Categoría: lacteos/leche
 Error HTTP 500 en lacteos/leche [0-49]

Categoría: lacteos/leche/condensada

Categoría: lacteos/leche/en-polvo
 Error HTTP 206 en lacteos/leche/en-polvo [0-49]

Categoría: lacteos/leche/evaporada

Categoría: lacteos/leche/leche-de-soya

Categoría: lacteos/leche/leche-deslactosada

Categoría: lacteos/leche/leche-entera

Categoría: lacteos/leche/leche-especializada

Categoría: lacteos/leche/leche-light

Categoría: lacteos/leche/leche-saborizada

Categoría: lacteos/leche/leche-semi-y-descremada
 Error HTTP 206 en lacteos/leche/leche-semi-y-descremada [0-49]

Categoría: lacteos/mantequillas-y-margarinas
 Error HTTP 206 en lacteos/mantequillas-y-margarinas [0-49]

Categoría: lacteos/mantequillas-y-margarinas/mantequillas

Categoría: lacteos/mantequillas-y-margarinas/margarinas

Categoría: lacteos/queso
 Error HTTP 206 en lacteos/queso [0-49]

Categoría: lacteos/queso-gourmet

Categoría: lacteos/queso-gourmet/mezcla-de-quesos-gourmet

Categoría: lacteos/queso-gourmet/queso-brie

Categoría: lacteos/queso-gourmet/queso-de-cabra

Categoría: lacteos/queso-gourmet/queso-edam

Categoría: lacteos/queso-gourmet/queso-jack

Categoría: lacteos/queso/mas-quesos
 Error HTTP 206 en lacteos/queso/mas-quesos [0-49]

Categoría: lacteos/queso/queso-americano

Categoría: lacteos/queso/queso-cottage

Categoría: lacteos/queso/queso-crema

Categoría: lacteos/queso/queso-fresco

Categoría: lacteos/queso/queso-manchego

Categoría: lacteos/queso/queso-mozzarella
 Error HTTP 206 en lacteos/queso/queso-mozzarella [0-49]

Categoría: lacteos/queso/queso-parmesano

Categoría: lacteos/yogurt
 Error HTTP 206 en lacteos/yogurt [0-49]

Categoría: lacteos/yogurt/yogurt-batido
 Error HTTP 206 en lacteos/yogurt/yogurt-batido [0-49]

Categoría: lacteos/yogurt/yogurt-bebible
 Error HTTP 206 en lacteos/yogurt/yogurt-bebible [0-49]

Categoría: lacteos/yogurt/yogurt-natural

Categoría: limpieza
 Error HTTP 206 en limpieza [0-49]

Categoría: limpieza/accesorios-para-limpieza
 Error HTTP 206 en limpieza/accesorios-para-limpieza [0-49]

Categoría: limpieza/accesorios-para-limpieza/escobas-cepillos-y-escurridores-de-piso
 Error HTTP 206 en limpieza/accesorios-para-limpieza/escobas-cepillos-y-escurridores-de-piso [0-49]

Categoría: limpieza/accesorios-para-limpieza/fibras-y-esponjas
 Error HTTP 206 en limpieza/accesorios-para-limpieza/fibras-y-esponjas [0-49]

Categoría: limpieza/accesorios-para-limpieza/guantes

Categoría: limpieza/accesorios-para-limpieza/panos-y-franelas

Categoría: limpieza/accesorios-para-limpieza/prensas-de-ropa-y-tendederos

Categoría: limpieza/accesorios-para-limpieza/recogedores

Categoría: limpieza/accesorios-para-limpieza/tinas-y-cubetas

Categoría: limpieza/accesorios-para-limpieza/trapeadores-y-quitapelusas

Categoría: limpieza/aromatizantes
 Error HTTP 206 en limpieza/aromatizantes [0-49]

Categoría: limpieza/aromatizantes/aromatizante-ambiental
 Error HTTP 206 en limpieza/aromatizantes/aromatizante-ambiental [0-49]

Categoría: limpieza/aromatizantes/aromatizante-de-bano

Categoría: limpieza/colorantes-y-almidones

Categoría: limpieza/colorantes-y-almidones/colorantes

Categoría: limpieza/desechables
 Error HTTP 206 en limpieza/desechables [0-49]

Categoría: limpieza/desechables/bolsas-para-basura
 Error HTTP 206 en limpieza/desechables/bolsas-para-basura [0-49]

Categoría: limpieza/desechables/bolsas-para-cocina
 Error HTTP 206 en limpieza/desechables/bolsas-para-cocina [0-49]

Categoría: limpieza/desechables/palillos-y-pajillas

Categoría: limpieza/desechables/papel-aluminio-y-adherente

Categoría: limpieza/desechables/servilletas

Categoría: limpieza/desechables/toallas-de-cocina

Categoría: limpieza/desechables/vasos-y-platos
 Error HTTP 206 en limpieza/desechables/vasos-y-platos [0-49]

Categoría: limpieza/detergente
 Error HTTP 206 en limpieza/detergente [0-49]

Categoría: limpieza/detergente/detergente-en-polvo
 Error HTTP 206 en limpieza/detergente/detergente-en-polvo [0-49]

Categoría: limpieza/detergente/detergente-liquido
 Error HTTP 206 en limpieza/detergente/detergente-liquido [0-49]

Categoría: limpieza/jabon-de-lavanderia

Categoría: limpieza/jabon-de-lavanderia/jabon-de-barra

Categoría: limpieza/lavaplatos
 Error HTTP 500 en limpieza/lavaplatos [0-49]

Categoría: limpieza/lavaplatos/lavaplatos-en-polvo-y-en-pasta
 Error HTTP 206 en limpieza/lavaplatos/lavaplatos-en-polvo-y-en-pasta [0-49]

Categoría: limpieza/lavaplatos/lavaplatos-liquido
 Error HTTP 206 en limpieza/lavaplatos/lavaplatos-liquido [0-49]

Categoría: limpieza/limpieza-del-hogar
 Error HTTP 206 en limpieza/limpieza-del-hogar [0-49]

Categoría: limpieza/limpieza-del-hogar/cera-para-pisos

Categoría: limpieza/limpieza-del-hogar/cloro

Categoría: limpieza/limpieza-del-hogar/cuidado-para-zapatos

Categoría: limpieza/limpieza-del-hogar/desinfectantes
 Error HTTP 206 en limpieza/limpieza-del-hogar/desinfectantes [0-49]

Categoría: limpieza/limpieza-del-hogar/destapacanos

Categoría: limpieza/limpieza-del-hogar/insecticidas-y-trampas
 Error HTTP 206 en limpieza/limpieza-del-hogar/insecticidas-y-trampas [0-49]

Categoría: limpieza/limpieza-del-hogar/limpiadores-de-bano

Categoría: limpieza/limpieza-del-hogar/limpiadores-de-cocina

Categoría: limpieza/limpieza-del-hogar/limpiadores-multiusos
 Error HTTP 206 en limpieza/limpieza-del-hogar/limpiadores-multiusos [0-49]

Categoría: limpieza/limpieza-del-hogar/toallitas-desinfectantes

Categoría: limpieza/mascotas

Categoría: limpieza/mascotas/alimento-humedo-para-gatos

Categoría: limpieza/mascotas/alimento-humedo-para-perros

Categoría: limpieza/papel-higienico
 Error HTTP 206 en limpieza/papel-higienico [0-49]

Categoría: limpieza/papel-higienico/empaques-de-18-y-12-rollos
 Error HTTP 206 en limpieza/papel-higienico/empaques-de-18-y-12-rollos [0-49]

Categoría: limpieza/papel-higienico/empaques-de-32-y-24-rollos

Categoría: limpieza/papel-higienico/empaques-de-6-y-4-rollos

Categoría: limpieza/quitamanchas-para-ropa
 Error HTTP 206 en limpieza/quitamanchas-para-ropa [0-49]

Categoría: limpieza/quitamanchas-para-ropa/quitamanchas-en-polvo

Categoría: limpieza/quitamanchas-para-ropa/quitamanchas-liquido
 Error HTTP 500 en limpieza/quitamanchas-para-ropa/quitamanchas-liquido [0-49]

Categoría: limpieza/suavizante
 Error HTTP 206 en limpieza/suavizante [0-49]

Categoría: limpieza/suavizante/suavizante-regular
 Error HTTP 206 en limpieza/suavizante/suavizante-regular [0-49]

Categoría: mascota
 Error HTTP 206 en mascota [0-49]

Categoría: mascota/accesorios-para-perros
 Error HTTP 206 en mascota/accesorios-para-perros [0-49]

Categoría: mascota/alimento-humedo-para-gatos
 Error HTTP 206 en mascota/alimento-humedo-para-gatos [0-49]

Categoría: mascota/alimento-humedo-para-perros

Categoría: mascota/alimento-seco-para-gatos
 Error HTTP 206 en mascota/alimento-seco-para-gatos [0-49]

Categoría: mascota/alimento-seco-para-perros
 Error HTTP 206 en mascota/alimento-seco-para-perros [0-49]

Categoría: mascota/alimento-y-accesorios-otras-mascotas

Categoría: mascota/arena-y-accesorios-para-gatos

Categoría: mascota/limpieza-y-cuidado

Categoría: mascota/premios-y-carnazas
 Error HTTP 206 en mascota/premios-y-carnazas [0-49]

Categoría: panaderia-y-tortilleria
 Error HTTP 206 en panaderia-y-tortilleria [0-49]

Categoría: panaderia-y-tortilleria/comida-y-snacks

Categoría: panaderia-y-tortilleria/comida-y-snacks/barra-de-ensaladas

Categoría: panaderia-y-tortilleria/comida-y-snacks/barra-de-postres

Categoría: panaderia-y-tortilleria/comida-y-snacks/bebidas-preparadas

Categoría: panaderia-y-tortilleria/comida-y-snacks/fritos-y-rostizados

Categoría: panaderia-y-tortilleria/comida-y-snacks/guisados

Categoría: panaderia-y-tortilleria/comida-y-snacks/platillos-preparados

Categoría: panaderia-y-tortilleria/comida-y-snacks/sandwiches-pizza-y-hot-dog

Categoría: panaderia-y-tortilleria/comida-y-snacks/sopas-y-guarniciones

Categoría: panaderia-y-tortilleria/pan-dulce
 Error HTTP 206 en panaderia-y-tortilleria/pan-dulce [0-49]

Categoría: panaderia-y-tortilleria/pan-dulce/bizcochos

Categoría: panaderia-y-tortilleria/pan-dulce/empacados
 Error HTTP 206 en panaderia-y-tortilleria/pan-dulce/empacados [0-49]

Categoría: panaderia-y-tortilleria/pan-salado
 Error HTTP 206 en panaderia-y-tortilleria/pan-salado [0-49]

Categoría: panaderia-y-tortilleria/pan-salado/bagels

Categoría: panaderia-y-tortilleria/pan-salado/bocadillos-y-empanadas

Categoría: panaderia-y-tortilleria/pan-salado/bollos-y-hot-dog

Categoría: panaderia-y-tortilleria/pan-salado/crutones

Categoría: panaderia-y-tortilleria/pan-salado/empanizadores

Categoría: panaderia-y-tortilleria/pan-salado/pan-de-caja

Categoría: panaderia-y-tortilleria/pan-salado/pan-europeo-y-rustico
 Error HTTP 206 en panaderia-y-tortilleria/pan-salado/pan-europeo-y-rustico [0-49]

Categoría: panaderia-y-tortilleria/pan-salado/pan-tostado

Categoría: panaderia-y-tortilleria/reposteria-y-pasteleria
 Error HTTP 206 en panaderia-y-tortilleria/reposteria-y-pasteleria [0-49]

Categoría: panaderia-y-tortilleria/reposteria-y-pasteleria/pasteles-y-pays
 Error HTTP 206 en panaderia-y-tortilleria/reposteria-y-pasteleria/pasteles-y-pays [0-49]

Categoría: panaderia-y-tortilleria/reposteria-y-pasteleria/roscas-y-panques

Categoría: panaderia-y-tortilleria/tortilleria

Categoría: panaderia-y-tortilleria/tortilleria/pan-pita

Categoría: panaderia-y-tortilleria/tortilleria/tortillas-de-harina

Categoría: panaderia-y-tortilleria/tortilleria/tortillas-de-maiz

Categoría: panaderia-y-tortilleria/tortilleria/tostadas
Total productos extraídos: 3347
===== FIN 2025-07-09 14:54:09.725171 =====
